Case #1: 5.00169e2 4.78358e2 
Case #2: 
Case #3: 
Case #4: 
Case #5: 3.5190e1 
Case #6: R,{qB 
Case #7: 18 
Case #8: 1.1882e2 6.58704e2 
Case #9: 
Case #10: 27 21 26 
Case #11: 
Case #12: 0 
Case #13: 3.37457e2 
Case #14: 4.13168e2 
Case #15: 3.59624e2 
Case #16: 20 26 
Case #17: 5.14309e2 
Case #18: 
Case #19: 10 
Case #20: {c0<q,>\\ 
Case #21: 5.11202e2 
Case #22: 1.42844e2 
Case #23: 3v8V2z}o 
Case #24: 15 
Case #25: 
Case #26: 4.34549e2 
Case #27: 6.0718e1 
Case #28: 
Case #29: wci 
Case #30: 
Case #31: <Q> 
Case #32: 7.0487e1 5.18177e2 
Case #33: 2.3972e1 
Case #34: 
Case #35: My>t!&J 
Case #36: 
Case #37: ')y+N|cs/ 
Case #38: 
Case #39: 9.28423e2 
Case #40: yrxbKF? 
Case #41: 9.40851e2 e-1 
Case #42: 
Case #43: 12 
Case #44: 18 13 
Case #45: 19 
Case #46: q$b 8`:,u) 
Case #47: 22 
Case #48: >fIHFqHh 
Case #49: 
Case #50: 18 24 
Case #51: 
Case #52: Ai^|N1]X{N 
Case #53: 18 20 
Case #54: 17 15 
Case #55: 20 
Case #56: 8 14 
Case #57: 12 21 
Case #58: 
Case #59: 13 
Case #60: 4.09463e2 
Case #61: 
Case #62: 
Case #63: 
Case #64: 
Case #65: 
Case #66: 
Case #67: 
Case #68: 19 12 
Case #69: ]=qn 
Case #70: 5-}RfA 
Case #71: :b 
Case #72: kpbw<$O+Vm 
Case #73: 
Case #74: 10 
Case #75: 5ctw%&'x 
Case #76: 16 25 
Case #77: 7.26666e2 
Case #78: 15 16 
Case #79: 
Case #80: 
Case #81: 27 
Case #82: v7De:?h Ng}9'8 
Case #83: 4.48882e2 
Case #84: 
Case #85: 8.28851e2 
Case #86: 
Case #87: 
Case #88: 
Case #89: 
Case #90: 
Case #91: 5.05337e2 
Case #92: 8.76826e2 5.72249e2 
Case #93: 22 16 
Case #94: 
Case #95: 
Case #96: 
Case #97: 2.55460e2 1.22547e2 7.89605e2 
Case #98: 4.8112e2 
Case #99: 17 27 14 
Case #100: 24 
