Case #1: 0 3 12 13
Case #2: 0 18
Case #3: 0 7
Case #4: 0 9
Case #5: 0 6 12
Case #6: 0 19
Case #7: 0 7
Case #8: 0 7
Case #9: 0 5 8
Case #10: 0 17
Case #11: 0 10 14
Case #12: 0 1 7
Case #13: 0 1 7
Case #14: 0 17
Case #15: 0 19
Case #16: 0 17
Case #17: 0 10
Case #18: 0 6 5 11
Case #19: 0 10
Case #20: 0 5
Case #21: 0 3 14
Case #22: 0 6
Case #23: 0 8
Case #24: 0 11
Case #25: 0 3 19
Case #26: 0 6
Case #27: 0 18
Case #28: 0 3 11
Case #29: 0 4 13
Case #30: 0 1 11
Case #31: 0 1 17
Case #32: 0 2 11
Case #33: 0 9
Case #34: 0 2 12
Case #35: 0 8 11
Case #36: 0 17
Case #37: 0 7
Case #38: 0 10
Case #39: 0 6
Case #40: 0 10
Case #41: 0 2 6
Case #42: 0 6
Case #43: 0 1 8
Case #44: 0 14
Case #45: 0 2 6
Case #46: 0 15
Case #47: 0 2 9
Case #48: 0 10 17
Case #49: 0 10
Case #50: 0 4 18
Case #51: 0 1 14
Case #52: 0 9 12
Case #53: 0 8 12
Case #54: 0 12
Case #55: 0 10
Case #56: 0 14
Case #57: 0 16
Case #58: 0 7 10
Case #59: 0 10 16
Case #60: 0 4 7
Case #61: 0 9
Case #62: 0 15
Case #63: 0 10
Case #64: 0 18 19
Case #65: 0 13
Case #66: 0 5 9
Case #67: 0 2 12
Case #68: 0 5
Case #69: 0 13
Case #70: 0 5 12
Case #71: 0 11
Case #72: 0 5 13
Case #73: 0 10
Case #74: 0 5 17
Case #75: 0 6 17
Case #76: 0 1 5
Case #77: 0 8 11
Case #78: 0 9
Case #79: 0 8 14
Case #80: 0 6 18
Case #81: 0 6
Case #82: 0 4 10
Case #83: 0 17
Case #84: 0 9
Case #85: 0 3 5
Case #86: 0 8
Case #87: 0 14
Case #88: 0 2 5 11
Case #89: 0 17
Case #90: 0 3 15
Case #91: 0 13
Case #92: 0 13 3 14
Case #93: 0 1 11
Case #94: 0 5 10
Case #95: 0 15
Case #96: 0 6
Case #97: 0 8
Case #98: 0 2 6
Case #99: 0 11
Case #100: 0 11
Case #101: 0 10
Case #102: 0 5 12
Case #103: 0 13
Case #104: 0 17
Case #105: 0 3 15
Case #106: 0 12
Case #107: 0 9
Case #108: 0 7
Case #109: 0 11 13
Case #110: 0 13
Case #111: 0 13
Case #112: 0 7 17
Case #113: 0 4 6
Case #114: 0 3 5
Case #115: 0 1 5 11
Case #116: 0 14
Case #117: 0 13
Case #118: 0 5
Case #119: 0 10 12
Case #120: 0 13
Case #121: 0 5
Case #122: 0 3 6 16
Case #123: 0 9 10
Case #124: 0 10
Case #125: 0 5
Case #126: 0 6 11
Case #127: 0 6 19
Case #128: 0 11
Case #129: 0 18 19
Case #130: 0 11
Case #131: 0 8
Case #132: 0 9
Case #133: 0 8
Case #134: 0 12
Case #135: 0 17
Case #136: 0 11 19
Case #137: 0 6
Case #138: 0 17
Case #139: 0 9 14
Case #140: 0 8
Case #141: 0 8 16
Case #142: 0 2 3 13
Case #143: 0 12
Case #144: 0 9 11
Case #145: 0 11
Case #146: 0 4 16
Case #147: 0 16
Case #148: 0 3 16
Case #149: 0 1 13
Case #150: 0 16
Case #151: 0 9
Case #152: 0 5
Case #153: 0 6
Case #154: 0 6 8
Case #155: 0 5
Case #156: 0 13
Case #157: 0 1 10
Case #158: 0 6
Case #159: 0 8
Case #160: 0 12
Case #161: 0 7 9
Case #162: 0 16
Case #163: 0 19
Case #164: 0 9
Case #165: 0 18
Case #166: 0 8
Case #167: 0 7 9
Case #168: 0 14
Case #169: 0 5
Case #170: 0 2 11
Case #171: 0 15 19
Case #172: 0 5
Case #173: 0 7
Case #174: 0 15
Case #175: 0 18
Case #176: 0 7
Case #177: 0 16
Case #178: 0 8
Case #179: 0 13
Case #180: 0 11
Case #181: 0 3 14
Case #182: 0 3 7
Case #183: 0 8
Case #184: 0 10
Case #185: 0 6
Case #186: 0 19
Case #187: 0 1 6
Case #188: 0 19
Case #189: 0 8
Case #190: 0 7
Case #191: 0 17
Case #192: 0 9 19
Case #193: 0 2 14
Case #194: 0 17
Case #195: 0 9 17
Case #196: 0 6
Case #197: 0 14
Case #198: 0 4 9
Case #199: 0 5
Case #200: 0 2 12
Case #201: 0 4 19
Case #202: 0 11 13
Case #203: 0 4 13
Case #204: 0 5
Case #205: 0 7 15
Case #206: 0 10
Case #207: 0 6 18
Case #208: 0 13
Case #209: 0 8
Case #210: 0 7
Case #211: 0 12
Case #212: 0 10
Case #213: 0 19
Case #214: 0 5 9
Case #215: 0 1 6
Case #216: 0 3 11
Case #217: 0 12
Case #218: 0 15 17
Case #219: 0 18
Case #220: 0 13
Case #221: 0 18
Case #222: 0 13
Case #223: 0 16
Case #224: 0 1 18
Case #225: 0 2 1 5
Case #226: 0 5
Case #227: 0 12
Case #228: 0 9
Case #229: 0 4 8
Case #230: 0 7
Case #231: 0 7 1 9
Case #232: 0 10
Case #233: 0 5
Case #234: 0 16
Case #235: 0 11
Case #236: 0 4 7
Case #237: 0 2 18
Case #238: 0 17
Case #239: 0 3 12
Case #240: 0 4 13
Case #241: 0 9 10
Case #242: 0 14
Case #243: 0 14
Case #244: 0 7
Case #245: 0 8
Case #246: 0 5 16
Case #247: 0 9 15
Case #248: 0 15
Case #249: 0 17
Case #250: 0 12
Case #251: 0 8
Case #252: 0 3 10
Case #253: 0 13
Case #254: 0 14
Case #255: 0 5
Case #256: 0 19
Case #257: 0 8
Case #258: 0 18
Case #259: 0 6
Case #260: 0 4 11
Case #261: 0 6
Case #262: 0 12
Case #263: 0 1 5
Case #264: 0 10
Case #265: 0 9 17
Case #266: 0 9
Case #267: 0 13
Case #268: 0 3 5
Case #269: 0 17
Case #270: 0 6 4 13
Case #271: 0 1 16
Case #272: 0 7
Case #273: 0 5
Case #274: 0 16
Case #275: 0 5
Case #276: 0 3 9
Case #277: 0 9
Case #278: 0 7
Case #279: 0 10
Case #280: 0 2 6
Case #281: 0 9
Case #282: 0 11
Case #283: 0 8
Case #284: 0 5 2 8
Case #285: 0 9
Case #286: 0 7 18
Case #287: 0 6
Case #288: 0 3 10
Case #289: 0 6
Case #290: 0 9
Case #291: 0 17
Case #292: 0 8
Case #293: 0 10
Case #294: 0 11
Case #295: 0 12
Case #296: 0 18
Case #297: 0 16
Case #298: 0 14
Case #299: 0 17
Case #300: 0 12 17
Case #301: 0 17
Case #302: 0 14
Case #303: 0 2 7
Case #304: 0 12
Case #305: 0 7 9 19
Case #306: 0 10 12
Case #307: 0 7 10
Case #308: 0 15
Case #309: 0 7
Case #310: 0 10
Case #311: 0 2 16
Case #312: 0 6 8
Case #313: 0 3 17
Case #314: 0 12
Case #315: 0 19
Case #316: 0 12 18
Case #317: 0 1 5
Case #318: 0 4 2 6
Case #319: 0 9
Case #320: 0 7
Case #321: 0 16
Case #322: 0 5 10
Case #323: 0 4 7 8
Case #324: 0 19
Case #325: 0 1 14
Case #326: 0 2 7
Case #327: 0 1 8
Case #328: 0 5 9
Case #329: 0 5
Case #330: 0 6
Case #331: 0 12 16
Case #332: 0 16
Case #333: 0 13
Case #334: 0 7
Case #335: 0 2 6
Case #336: 0 5 18
Case #337: 0 17
Case #338: 0 14
Case #339: 0 13
Case #340: 0 12
Case #341: 0 5 9
Case #342: 0 19
Case #343: 0 14
Case #344: 0 9
Case #345: 0 8 18
Case #346: 0 13
Case #347: 0 16
Case #348: 0 14 18
Case #349: 0 7
Case #350: 0 16
Case #351: 0 2 16
Case #352: 0 13
Case #353: 0 15
Case #354: 0 5 6
Case #355: 0 6
Case #356: 0 10 12
Case #357: 0 14
Case #358: 0 8 16
Case #359: 0 4 8
Case #360: 0 8
Case #361: 0 18
Case #362: 0 4 10
Case #363: 0 7
Case #364: 0 5 12
Case #365: 0 12
Case #366: 0 18
Case #367: 0 18
Case #368: 0 10
Case #369: 0 9
Case #370: 0 18
Case #371: 0 16 19
Case #372: 0 16 17
Case #373: 0 16
Case #374: 0 6
Case #375: 0 19
Case #376: 0 11
Case #377: 0 14
Case #378: 0 8 11
Case #379: 0 8
Case #380: 0 10
Case #381: 0 3 15
Case #382: 0 16
Case #383: 0 17
Case #384: 0 13 17
Case #385: 0 12 17
Case #386: 0 1 8
Case #387: 0 19
Case #388: 0 12
Case #389: 0 15 16
Case #390: 0 10
Case #391: 0 10 12
Case #392: 0 11
Case #393: 0 15
Case #394: 0 4 5
Case #395: 0 18
Case #396: 0 8
Case #397: 0 6
Case #398: 0 3 14
Case #399: 0 2 11
Case #400: 0 15
Case #401: 0 9 13
Case #402: 0 5 16
Case #403: 0 3 11
Case #404: 0 18 19
Case #405: 0 5
Case #406: 0 6 18
Case #407: 0 4 7 13
Case #408: 0 6
Case #409: 0 10
Case #410: 0 4 7
Case #411: 0 12
Case #412: 0 14
Case #413: 0 5
Case #414: 0 12
Case #415: 0 9
Case #416: 0 7
Case #417: 0 3 10
Case #418: 0 9 18
Case #419: 0 6 13
Case #420: 0 7
Case #421: 0 5 8
Case #422: 0 9
Case #423: 0 17
Case #424: 0 11
Case #425: 0 16
Case #426: 0 5 6 7
Case #427: 0 15
Case #428: 0 9
Case #429: 0 8
Case #430: 0 13
Case #431: 0 18
Case #432: 0 19
Case #433: 0 1 13
Case #434: 0 17
Case #435: 0 8
Case #436: 0 7
Case #437: 0 18
Case #438: 0 9
Case #439: 0 3 12
Case #440: 0 7
Case #441: 0 7 13
Case #442: 0 6 15
Case #443: 0 3 10
Case #444: 0 13 17
Case #445: 0 3 8
Case #446: 0 5
Case #447: 0 11 12
Case #448: 0 16
Case #449: 0 16
Case #450: 0 5
Case #451: 0 9 11
Case #452: 0 15
Case #453: 0 3 8
Case #454: 0 16
Case #455: 0 2 7
Case #456: 0 2 5
Case #457: 0 10 11
Case #458: 0 19
Case #459: 0 4 9
Case #460: 0 6 17
Case #461: 0 14
Case #462: 0 13
Case #463: 0 3 17
Case #464: 0 15
Case #465: 0 16 17
Case #466: 0 9
Case #467: 0 9
Case #468: 0 14
Case #469: 0 1 11
Case #470: 0 6
Case #471: 0 9
Case #472: 0 3 11
Case #473: 0 3 5
Case #474: 0 5 3 13
Case #475: 0 13 18
Case #476: 0 9 19
Case #477: 0 3 13
Case #478: 0 8 16
Case #479: 0 6 11
Case #480: 0 1 15
Case #481: 0 1 8
Case #482: 0 15
Case #483: 0 2 5
Case #484: 0 5 16
Case #485: 0 8
Case #486: 0 11
Case #487: 0 3 7 16
Case #488: 0 8 10
Case #489: 0 14
Case #490: 0 4 9
Case #491: 0 13
Case #492: 0 2 10
Case #493: 0 10
Case #494: 0 9
Case #495: 0 7 8
Case #496: 0 14
Case #497: 0 16
Case #498: 0 8 10
Case #499: 0 15
Case #500: 0 14
Case #501: 0 3 10 15
Case #502: 0 17
Case #503: 0 7
Case #504: 0 2 6
Case #505: 0 5
Case #506: 0 14
Case #507: 0 9
Case #508: 0 6 7
Case #509: 0 12
Case #510: 0 18
Case #511: 0 3 16
Case #512: 0 12
Case #513: 0 5 16
Case #514: 0 7
Case #515: 0 3 9
Case #516: 0 8
Case #517: 0 6
Case #518: 0 4 16
Case #519: 0 4 5 14
Case #520: 0 12 16
Case #521: 0 1 8
Case #522: 0 1 5
Case #523: 0 15
Case #524: 0 19
Case #525: 0 5
Case #526: 0 16
Case #527: 0 7
Case #528: 0 15
Case #529: 0 3 9
Case #530: 0 2 19
Case #531: 0 10
Case #532: 0 14 17
Case #533: 0 12
Case #534: 0 12
Case #535: 0 5
Case #536: 0 4 5
Case #537: 0 11
Case #538: 0 10
Case #539: 0 7 17
Case #540: 0 9
Case #541: 0 10
Case #542: 0 1 15
Case #543: 0 11
Case #544: 0 6
Case #545: 0 3 18
Case #546: 0 5
Case #547: 0 8 16
Case #548: 0 16
Case #549: 0 12
Case #550: 0 10
Case #551: 0 8 12
Case #552: 0 7
Case #553: 0 3 11
Case #554: 0 11
Case #555: 0 15
Case #556: 0 2 7
Case #557: 0 9
Case #558: 0 12 19
Case #559: 0 9 12
Case #560: 0 3 13
Case #561: 0 12
Case #562: 0 12
Case #563: 0 6
Case #564: 0 6
Case #565: 0 6
Case #566: 0 8
Case #567: 0 17
Case #568: 0 10
Case #569: 0 7
Case #570: 0 10
Case #571: 0 14
Case #572: 0 7 15
Case #573: 0 1 18
Case #574: 0 14
Case #575: 0 14
Case #576: 0 8
Case #577: 0 8 15
Case #578: 0 5
Case #579: 0 5
Case #580: 0 5 19
Case #581: 0 14 16
Case #582: 0 18
Case #583: 0 13
Case #584: 0 5
Case #585: 0 2 15
Case #586: 0 3 16
Case #587: 0 3 5 6
Case #588: 0 13 16
Case #589: 0 4 5
Case #590: 0 8 14
Case #591: 0 6
Case #592: 0 5
Case #593: 0 10
Case #594: 0 5
Case #595: 0 16
Case #596: 0 7 16
Case #597: 0 8 16
Case #598: 0 8
Case #599: 0 11
Case #600: 0 13
Case #601: 0 17
Case #602: 0 16
Case #603: 0 16
Case #604: 0 2 18
Case #605: 0 11
Case #606: 0 19
Case #607: 0 7 13
Case #608: 0 6 11
Case #609: 0 15
Case #610: 0 10
Case #611: 0 7
Case #612: 0 8
Case #613: 0 9
Case #614: 0 15
Case #615: 0 17
Case #616: 0 9
Case #617: 0 10
Case #618: 0 14 15
Case #619: 0 18
Case #620: 0 6
Case #621: 0 8
Case #622: 0 7 17
Case #623: 0 2 7
Case #624: 0 13
Case #625: 0 19
Case #626: 0 1 18
Case #627: 0 8 14
Case #628: 0 10 15
Case #629: 0 8
Case #630: 0 17 18
Case #631: 0 17
Case #632: 0 1 17
Case #633: 0 12
Case #634: 0 16
Case #635: 0 17
Case #636: 0 9
Case #637: 0 8
Case #638: 0 13
Case #639: 0 18
Case #640: 0 7
Case #641: 0 13 18
Case #642: 0 10
Case #643: 0 11
Case #644: 0 11
Case #645: 0 13
Case #646: 0 18 19
Case #647: 0 9
Case #648: 0 6 15
Case #649: 0 7 6 13
Case #650: 0 16
Case #651: 0 6
Case #652: 0 8
Case #653: 0 19
Case #654: 0 5
Case #655: 0 17
Case #656: 0 10
Case #657: 0 1 19
Case #658: 0 9
Case #659: 0 10
Case #660: 0 18
Case #661: 0 5
Case #662: 0 12
Case #663: 0 19
Case #664: 0 7 19
Case #665: 0 9 14
Case #666: 0 15 19
Case #667: 0 5
Case #668: 0 2 9
Case #669: 0 13
Case #670: 0 8 11
Case #671: 0 19
Case #672: 0 18
Case #673: 0 4 5
Case #674: 0 6 8
Case #675: 0 15 18
Case #676: 0 6 12
Case #677: 0 10 15
Case #678: 0 11
Case #679: 0 1 8
Case #680: 0 6
Case #681: 0 2 12
Case #682: 0 10
Case #683: 0 8
Case #684: 0 11
Case #685: 0 4 9
Case #686: 0 16
Case #687: 0 9
Case #688: 0 8 10
Case #689: 0 9 16
Case #690: 0 1 19
Case #691: 0 6 15
Case #692: 0 3 10
Case #693: 0 12 17
Case #694: 0 4 5
Case #695: 0 17
Case #696: 0 13
Case #697: 0 11
Case #698: 0 5 10
Case #699: 0 7
Case #700: 0 14
Case #701: 0 16
Case #702: 0 2 5 7
Case #703: 0 7 11
Case #704: 0 19
Case #705: 0 14
Case #706: 0 3 5
Case #707: 0 6
Case #708: 0 12
Case #709: 0 6
Case #710: 0 13
Case #711: 0 15
Case #712: 0 12
Case #713: 0 2 6
Case #714: 0 18
Case #715: 0 19
Case #716: 0 1 6
Case #717: 0 2 5
Case #718: 0 11
Case #719: 0 7
Case #720: 0 1 17
Case #721: 0 11
Case #722: 0 2 12
Case #723: 0 7
Case #724: 0 19
Case #725: 0 2 9
Case #726: 0 7
Case #727: 0 1 14
Case #728: 0 6 18
Case #729: 0 11
Case #730: 0 11
Case #731: 0 9
Case #732: 0 7
Case #733: 0 7 10 15
Case #734: 0 7 11
Case #735: 0 15
Case #736: 0 5
Case #737: 0 3 7
Case #738: 0 8 17
Case #739: 0 14
Case #740: 0 16
Case #741: 0 5 6
Case #742: 0 2 19
Case #743: 0 9 17
Case #744: 0 17
Case #745: 0 7
Case #746: 0 14
Case #747: 0 8 18
Case #748: 0 7
Case #749: 0 6 19
Case #750: 0 12
Case #751: 0 12
Case #752: 0 11 12
Case #753: 0 9
Case #754: 0 10
Case #755: 0 1 18
Case #756: 0 3 19
Case #757: 0 2 12
Case #758: 0 2 19
Case #759: 0 9
Case #760: 0 16
Case #761: 0 7
Case #762: 0 8 18
Case #763: 0 8 12
Case #764: 0 16
Case #765: 0 8
Case #766: 0 14
Case #767: 0 11
Case #768: 0 8 14
Case #769: 0 4 12
Case #770: 0 14
Case #771: 0 8
Case #772: 0 4 12
Case #773: 0 1 7
Case #774: 0 13 16
Case #775: 0 2 6
Case #776: 0 1 12
Case #777: 0 4 6
Case #778: 0 2 14
Case #779: 0 7
Case #780: 0 8
Case #781: 0 5 8
Case #782: 0 15
Case #783: 0 13
Case #784: 0 7
Case #785: 0 11 14
Case #786: 0 14
Case #787: 0 7
Case #788: 0 19
Case #789: 0 13
Case #790: 0 6
Case #791: 0 16
Case #792: 0 5
Case #793: 0 15
Case #794: 0 4 8
Case #795: 0 4 11
Case #796: 0 12
Case #797: 0 3 11
Case #798: 0 6 19
Case #799: 0 11 16
Case #800: 0 19
Case #801: 0 17
Case #802: 0 2 3 13
Case #803: 0 11 17
Case #804: 0 14
Case #805: 0 12 13
Case #806: 0 7
Case #807: 0 7
Case #808: 0 7
Case #809: 0 7
Case #810: 0 16
Case #811: 0 6 9
Case #812: 0 12
Case #813: 0 13
Case #814: 0 11
Case #815: 0 13
Case #816: 0 5
Case #817: 0 3 17
Case #818: 0 11
Case #819: 0 7
Case #820: 0 10
Case #821: 0 8 9
Case #822: 0 8
Case #823: 0 7 11
Case #824: 0 11
Case #825: 0 5
Case #826: 0 17 18
Case #827: 0 17
Case #828: 0 19
Case #829: 0 3 15
Case #830: 0 16
Case #831: 0 13
Case #832: 0 5
Case #833: 0 10 14
Case #834: 0 13
Case #835: 0 8 17
Case #836: 0 10
Case #837: 0 8
Case #838: 0 11
Case #839: 0 9
Case #840: 0 6 10
Case #841: 0 5
Case #842: 0 1 14
Case #843: 0 4 8
Case #844: 0 2 15
Case #845: 0 4 12
Case #846: 0 10 17
Case #847: 0 12
Case #848: 0 11 15
Case #849: 0 4 9
Case #850: 0 12
Case #851: 0 5
Case #852: 0 2 17
Case #853: 0 2 18
Case #854: 0 2 6
Case #855: 0 9
Case #856: 0 17
Case #857: 0 6
Case #858: 0 11
Case #859: 0 10
Case #860: 0 3 19
Case #861: 0 12
Case #862: 0 2 18
Case #863: 0 9
Case #864: 0 19
Case #865: 0 7
Case #866: 0 5 11
Case #867: 0 3 16
Case #868: 0 19
Case #869: 0 5 11
Case #870: 0 13
Case #871: 0 6 7
Case #872: 0 9
Case #873: 0 4 19
Case #874: 0 11
Case #875: 0 9
Case #876: 0 7 16
Case #877: 0 1 12
Case #878: 0 16
Case #879: 0 4 19
Case #880: 0 5
Case #881: 0 15
Case #882: 0 18
Case #883: 0 13
Case #884: 0 11
Case #885: 0 16
Case #886: 0 19
Case #887: 0 18
Case #888: 0 4 16
Case #889: 0 19
Case #890: 0 8 9
Case #891: 0 6
Case #892: 0 6
Case #893: 0 1 12
Case #894: 0 9
Case #895: 0 13 16 18
Case #896: 0 18
Case #897: 0 10 11
Case #898: 0 5 10
Case #899: 0 17
Case #900: 0 9
Case #901: 0 3 11
Case #902: 0 2 14
Case #903: 0 7
Case #904: 0 10
Case #905: 0 14
Case #906: 0 19
Case #907: 0 10 13
Case #908: 0 2 7
Case #909: 0 13 17 18
Case #910: 0 16
Case #911: 0 9 19
Case #912: 0 17
Case #913: 0 17
Case #914: 0 8 16
Case #915: 0 14
Case #916: 0 16
Case #917: 0 16
Case #918: 0 12
Case #919: 0 4 8
Case #920: 0 7 18
Case #921: 0 2 12
Case #922: 0 14
Case #923: 0 5
Case #924: 0 5
Case #925: 0 18
Case #926: 0 5 12
Case #927: 0 7
Case #928: 0 17
Case #929: 0 16
Case #930: 0 8 15
Case #931: 0 12
Case #932: 0 5 9
Case #933: 0 15
Case #934: 0 3 12
Case #935: 0 7
Case #936: 0 2 13
Case #937: 0 12
Case #938: 0 17
Case #939: 0 3 5
Case #940: 0 8 9
Case #941: 0 16
Case #942: 0 18
Case #943: 0 8
Case #944: 0 4 18
Case #945: 0 11
Case #946: 0 15
Case #947: 0 1 9
Case #948: 0 15
Case #949: 0 6 7
Case #950: 0 19
Case #951: 0 5
Case #952: 0 7
Case #953: 0 18
Case #954: 0 12
Case #955: 0 15
Case #956: 0 8
Case #957: 0 8
Case #958: 0 7 13
Case #959: 0 7
Case #960: 0 18 19
Case #961: 0 1 2 17
Case #962: 0 1 13
Case #963: 0 12
Case #964: 0 12
Case #965: 0 6
Case #966: 0 16
Case #967: 0 6 11
Case #968: 0 5 16
Case #969: 0 10
Case #970: 0 5 7
Case #971: 0 5
Case #972: 0 6
Case #973: 0 14
Case #974: 0 6
Case #975: 0 19
Case #976: 0 5 7
Case #977: 0 4 16
Case #978: 0 14
Case #979: 0 6 16
Case #980: 0 13 16
Case #981: 0 1 10
Case #982: 0 16
Case #983: 0 12
Case #984: 0 13
Case #985: 0 2 11
Case #986: 0 5
Case #987: 0 19
Case #988: 0 11
Case #989: 0 9
Case #990: 0 6
Case #991: 0 5 10
Case #992: 0 7 15
Case #993: 0 18
Case #994: 0 1 14
Case #995: 0 17
Case #996: 0 13
Case #997: 0 11
Case #998: 0 7 14
Case #999: 0 5
Case #1000: 0 8
Case #1001: 0 10 15
