Case #1: / + 67
Case #2: / / / * + - - - + 4322
Case #3: + - 85
Case #4: / - -96
Case #5: / / / - + - 39
Case #6: / / - 0
Case #7: * * * + + + + 508151
Case #8: / / * * * + - -236
Case #9: / / / * / + - -290
Case #10: / * / + 72
Case #11: / / + - - - + + -147
Case #12: / / / / / - + + 167
Case #13: * * + + 8426
Case #14: * * * / / - + - + 1093
Case #15: * * * / / - - + - -513901
Case #16: - -7
Case #17: * * / / * - - + + 38
Case #18: + 177
Case #19: / * * * + + + + - + 1243
Case #20: / * / / / * + - + 132
Case #21: * / / - - + 182
Case #22: * / * 1216
Case #23: / * * / / / + + - - -66
Case #24: / / / * + + - + 377
Case #25: / / * * / / + 71
Case #26: / * / / * * - 0
Case #27: / + + + 59
Case #28: / * / - + + + + - 94
Case #29: / * / - + + - - - -5799
Case #30: / - 81
Case #31: * * / + - + 1372
Case #32: * / * - - - -7536
Case #33: * + - + - + - -4421
Case #34: + 83
Case #35: * 405
Case #36: * / / + 522
Case #37: / / - + - - 16
Case #38: / + + - - 29
Case #39: * 1512
Case #40: + 80
Case #41: + 91
Case #42: / * * * - - -171172
Case #43: * 5580
Case #44: * * * / + 138600
Case #45: / / / * * - + 24565
Case #46: / / 0
Case #47: - + + 181
Case #48: / - - -17
Case #49: * / + + - - 5059
Case #50: + 31
Case #51: / + + + 143
Case #52: / * * / 19
Case #53: / / / + + - 94
Case #54: * + - 153
Case #55: * + 3497
Case #56: / * / / / * / + + - 2280
Case #57: / * / * - + - -277
Case #58: * - -1798
Case #59: + + - - - 229
Case #60: * / - + -5686
Case #61: * / - + - 23
Case #62: * * / * * * - + + -1078
Case #63: - -31
Case #64: - - - -42
Case #65: / / * / / - - + -216
Case #66: + 75
Case #67: * / * + - - - + + -1285
Case #68: / / * / * + - + - + 67
Case #69: / / + 26
Case #70: / * / 2
Case #71: * / + - - 2082
Case #72: + + 189
Case #73: / * + + + 79
Case #74: * / * * * + - -133
Case #75: / / * / * / - 0
Case #76: / * / / / - - + + + 35
Case #77: / / * * 0
Case #78: * - - + + + -710
Case #79: / * * / - + 24206
Case #80: * * / / + - - - - -2117
Case #81: / * / * * / * + + - 35
Case #82: * / + + - 250
Case #83: + - 62
Case #84: * / * / * / + - + -2891
Case #85: * * * + + - - + + 147159
Case #86: / * / + + - + 33
Case #87: - 26
Case #88: * / / / / - - - + 1152
Case #89: - -2
Case #90: * / + + + - 4614
Case #91: * * * - + + 2785
Case #92: / * * * / / * - + + 4764
Case #93: * / / + 64
Case #94: * * + - - 348088
Case #95: / / / * / / * + + + 93
Case #96: + + 152
Case #97: * * * / / - - + - - -13406
Case #98: + 124
Case #99: * - - -1672
Case #100: * - + + + + 4439
