Case #1: 21 58
Case #2: 19 12
Case #3: 7 8
Case #4: 12 1
Case #5: 12 24
Case #6: 18 17
Case #7: 19 5
Case #8: 21 38
Case #9: 17 15
Case #10: 16 7
Case #11: 7 26
Case #12: 20 42
Case #13: 1 17
Case #14: 18 17
Case #15: 6 22
Case #16: 17 44
Case #17: 17 57
Case #18: 14 44
Case #19: 15 28
Case #20: 9 46
Case #21: 20 24
Case #22: 22 36
Case #23: 0 59
Case #24: 19 53
Case #25: 17 50
Case #26: 22 8
Case #27: 19 46
Case #28: 9 11
Case #29: 1 17
Case #30: 0 31
Case #31: 21 0
Case #32: 14 59
Case #33: 17 11
Case #34: 9 1
Case #35: 16 28
Case #36: 14 39
Case #37: 8 57
Case #38: 14 29
Case #39: 19 29
Case #40: 13 18
Case #41: 23 22
Case #42: 1 51
Case #43: 23 23
Case #44: 10 18
Case #45: 6 29
Case #46: 11 27
Case #47: 0 11
Case #48: 3 34
Case #49: 18 1
Case #50: 11 9
