Case #1: 7 2 4 3 6 4 7 5 11 6 11 8 11 9 11 10 0
Case #2: 7 1 20 2 6 3 14 4 18 5 6 12 7 9 8 10 9 11 10 20 11 13 12 23 13 25 14 22 15 24 16 23 17 22 18 25 19 22 20 24 21 27 22 24 23 24 27 25 27 26 27 0
Case #3: 1 2 3 0
Case #4: 5 1 13 2 20 3 17 4 14 5 14 6 25 7 26 8 20 9 21 10 20 11 18 14 18 15 16 17 18 22 19 22 20 23 21 25 22 27 23 26 24 27 25 27 26 28 27 0
Case #5: 7 2 13 3 25 4 6 5 14 6 20 7 12 8 22 9 18 10 24 11 12 16 13 25 14 17 15 20 16 19 17 23 18 25 19 20 25 21 24 22 26 23 25 24 26 25 0
Case #6: 12 1 7 3 10 4 8 5 11 6 8 7 9 8 12 11 0
Case #7: 10 1 5 2 4 3 6 4 6 5 8 6 8 7 10 8 9 10 0
Case #8: 3 1 10 2 3 18 4 13 5 8 6 7 17 8 14 9 16 10 13 11 16 12 14 13 18 14 18 15 18 16 18 0
Case #9: 14 1 4 2 19 3 18 4 16 5 17 6 11 7 19 8 10 9 12 10 17 11 20 12 16 13 15 14 17 15 18 16 19 17 20 19 0
Case #10: 4 1 16 2 3 7 4 18 5 6 16 7 13 8 17 9 18 10 15 11 17 12 18 16 0
Case #11: 8 1 15 3 15 4 17 5 12 6 17 7 23 8 22 9 23 10 12 11 20 12 24 13 14 23 15 24 16 21 17 18 21 19 21 20 22 21 23 22 24 23 0
Case #12: 9 1 5 2 7 3 7 4 9 5 8 6 10 7 9 8 9 0
Case #13: 5 1 5 2 15 3 12 5 12 6 10 7 16 8 13 9 17 10 12 11 14 12 17 13 17 14 17 15 18 17 18 0
Case #14: 2 1 2 5 4 0
Case #15: 18 2 9 3 15 4 9 5 8 6 9 7 17 8 18 9 14 10 15 11 15 12 14 13 17 14 18 15 18 16 18 17 0
Case #16: 1 3 2 5 3 4 5 0
Case #17: 0
Case #18: 3 0
Case #19: 2 1 6 5 6 7 0
Case #20: 3 1 24 2 13 3 6 4 22 5 18 6 17 7 13 8 21 9 17 10 26 11 23 12 13 24 14 18 15 24 16 19 17 25 18 21 19 22 20 23 22 25 23 24 26 0
Case #21: 0
Case #22: 11 1 12 2 4 3 11 4 6 5 10 6 12 7 12 8 11 10 13 11 12 0
Case #23: 2 0
Case #24: 5 1 5 2 3 5 4 0
Case #25: 7 1 2 3 12 4 11 5 6 7 10 8 12 9 12 11 14 12 0
Case #26: 2 1 4 2 3 5 4 5 0
Case #27: 6 1 12 2 11 3 8 4 11 5 9 6 13 7 13 8 10 9 12 0
Case #28: 17 1 17 2 13 3 18 4 21 5 9 6 24 7 15 8 16 9 16 10 15 11 24 12 15 13 14 26 15 19 16 25 17 21 19 24 21 26 22 24 23 25 0
Case #29: 1 0
Case #30: 22 1 18 2 10 3 24 4 20 5 24 6 19 7 8 23 9 18 10 23 11 16 12 20 13 16 14 20 15 21 16 22 17 19 18 24 20 21 23 22 24 23 0
Case #31: 18 1 7 2 14 3 5 4 13 5 11 6 13 7 10 8 16 10 14 12 18 13 17 14 20 15 17 16 19 17 20 18 20 19 0
Case #32: 7 1 11 2 7 3 6 4 10 5 11 6 12 7 10 8 9 13 10 13 11 12 13 0
Case #33: 4 1 4 2 6 3 6 4 6 5 0
Case #34: 1 12 2 3 10 4 9 5 16 6 18 8 12 9 15 10 16 11 16 12 17 13 14 16 15 16 18 17 0
Case #35: 24 1 5 2 12 3 11 4 25 5 9 6 22 7 22 8 13 9 14 10 11 21 12 26 13 26 14 26 15 26 16 24 17 22 18 23 19 21 20 0
Case #36: 10 1 20 2 25 3 21 4 11 5 24 6 20 7 17 8 17 9 12 10 18 11 23 12 24 13 21 14 19 15 16 18 17 20 18 20 19 25 22 23 25 0
Case #37: 0
Case #38: 13 1 21 2 20 3 7 4 12 5 18 6 7 13 8 15 9 11 10 19 11 14 13 15 14 19 15 17 16 20 17 21 18 21 20 0
Case #39: 8 1 6 3 11 4 7 6 10 7 11 8 9 10 11 0
Case #40: 5 1 5 2 4 3 5 4 5 0
Case #41: 17 1 18 3 7 4 16 5 19 6 12 7 9 8 12 9 10 18 12 16 13 18 14 18 15 18 16 18 17 19 0
Case #42: 0
Case #43: 5 1 6 2 3 5 4 5 6 7 0
Case #44: 3 1 11 2 8 3 10 4 10 5 19 6 20 7 17 8 14 9 12 10 13 11 15 12 13 14 23 15 20 16 22 17 21 18 19 23 20 22 21 23 0
Case #45: 17 1 25 2 3 7 4 8 5 18 6 27 7 15 8 17 9 18 10 13 11 27 12 13 24 14 26 15 17 16 25 17 25 18 21 19 26 20 22 21 28 22 25 23 28 26 0
Case #46: 12 1 14 2 16 3 20 4 24 5 29 6 12 7 24 8 21 9 11 10 21 12 20 13 27 14 24 15 24 16 17 20 18 25 20 27 21 23 22 28 23 28 24 29 25 29 26 27 29 0
Case #47: 5 1 3 2 3 6 4 7 5 6 8 7 8 0
Case #48: 0
Case #49: 11 1 3 2 6 3 6 4 9 5 10 6 11 7 10 8 10 0
Case #50: 3 1 6 2 11 4 9 5 11 6 8 7 13 9 13 10 11 12 0
Case #51: 12 1 5 2 12 4 18 5 19 6 26 7 26 8 14 9 24 10 23 11 14 12 17 13 14 24 16 22 17 26 18 20 19 23 20 22 21 22 26 24 26 25 26 0
Case #52: 11 1 12 2 6 3 7 5 6 12 9 11 10 11 13 12 13 0
Case #53: 3 1 20 2 6 4 19 5 15 6 12 7 12 8 18 9 12 10 17 12 14 13 21 14 16 15 17 16 18 17 20 18 19 21 20 21 0
Case #54: 1 6 2 5 3 6 4 8 5 7 6 8 7 0
Case #55: 2 1 2 8 3 13 4 5 12 6 13 7 10 8 12 9 13 0
Case #56: 1 3 2 4 3 4 0
Case #57: 21 1 15 2 16 3 7 4 16 5 9 6 19 7 12 8 19 9 19 10 23 11 21 12 16 13 22 14 24 15 21 16 22 17 20 18 25 19 25 20 25 21 24 23 24 25 0
Case #58: 18 1 7 2 4 3 16 4 5 6 7 12 8 17 9 11 10 13 11 17 12 16 13 18 14 17 15 20 16 20 17 18 23 19 20 22 21 22 0
Case #59: 11 2 15 3 14 4 8 5 9 6 15 7 16 8 9 10 11 15 12 16 13 15 0
Case #60: 15 1 22 2 3 16 4 5 7 6 16 7 10 8 12 9 13 10 12 14 13 22 15 16 22 17 21 18 22 19 22 20 22 21 0
Case #61: 5 1 8 2 5 3 7 4 7 5 6 8 7 8 9 0
Case #62: 7 1 7 2 5 3 7 4 8 5 8 0
Case #63: 15 1 15 2 17 3 9 4 18 5 17 6 10 7 17 8 13 9 13 10 11 14 12 16 13 17 14 18 15 17 16 17 18 0
Case #64: 7 1 4 2 16 3 4 5 7 6 19 7 8 18 9 16 10 19 11 17 12 15 13 18 14 16 15 17 16 20 17 20 18 20 19 20 0
Case #65: 14 1 6 2 10 3 15 4 7 5 15 7 15 8 13 9 11 10 12 11 14 12 15 14 0
Case #66: 0
Case #67: 2 1 4 3 4 0
Case #68: 7 1 4 2 17 3 23 4 7 5 17 6 10 7 10 8 24 9 16 10 21 11 12 20 13 20 14 22 15 17 16 22 17 19 18 22 19 23 20 21 24 22 23 0
Case #69: 8 1 4 2 13 3 16 4 15 5 12 6 18 7 18 9 11 10 13 11 16 12 15 13 18 14 17 15 18 17 18 0
Case #70: 4 1 6 4 7 6 8 7 9 8 10 0
Case #71: 13 1 10 2 20 3 18 4 20 5 11 6 17 7 19 8 11 9 15 10 18 11 20 12 18 13 15 14 15 17 16 20 19 20 0
Case #72: 7 1 14 2 12 3 17 4 13 5 7 6 13 7 17 8 15 9 11 10 18 11 16 12 13 18 14 16 15 17 16 18 0
Case #73: 3 1 9 2 10 3 4 11 5 10 6 10 7 13 8 10 11 13 12 0
Case #74: 3 5 6 0
Case #75: 10 1 10 2 3 10 4 6 5 7 6 7 11 8 12 9 12 13 0
Case #76: 1 0
Case #77: 3 1 8 2 9 3 9 4 9 5 7 6 10 9 10 11 0
Case #78: 2 0
Case #79: 9 1 5 2 15 3 9 4 13 5 8 6 12 7 14 8 9 17 10 14 11 14 12 14 13 14 16 17 0
Case #80: 15 1 18 3 14 4 16 5 15 7 9 8 17 9 10 11 20 12 16 13 17 14 16 15 17 16 19 17 19 20 0
Case #81: 9 1 27 2 26 3 16 4 21 5 22 6 13 7 15 8 28 9 28 10 24 11 20 12 22 13 26 14 15 27 16 28 17 26 18 27 19 24 21 22 24 23 25 24 25 28 26 28 27 0
Case #82: 2 0
Case #83: 3 1 4 2 3 11 4 17 5 13 6 7 8 16 9 17 10 11 14 12 16 14 16 15 16 17 0
Case #84: 15 1 15 2 11 3 16 5 13 6 17 7 15 8 16 9 14 10 13 11 18 12 15 18 16 17 0
Case #85: 4 1 3 2 12 3 10 4 8 5 12 6 10 7 12 8 11 10 12 11 0
Case #86: 10 1 8 2 11 3 11 4 9 5 10 6 9 7 10 9 11 12 0
Case #87: 8 1 24 2 9 3 10 4 22 5 12 6 21 7 26 8 27 9 22 11 25 12 13 25 14 22 15 23 16 22 17 21 18 26 19 22 20 24 21 27 22 27 23 24 27 25 27 0
Case #88: 7 1 12 2 14 4 19 5 8 6 15 7 12 8 24 10 21 11 15 12 13 24 14 20 15 16 23 17 20 18 24 19 25 20 26 21 26 22 25 23 25 24 26 25 0
Case #89: 2 1 16 2 11 3 6 4 8 5 11 6 7 18 8 11 9 17 10 14 11 17 12 16 13 15 14 16 15 16 19 18 19 0
Case #90: 5 1 2 4 3 5 4 9 5 9 6 9 7 8 0
Case #91: 24 1 21 2 14 3 19 4 15 5 9 6 12 7 21 8 21 9 21 10 16 11 17 12 18 14 22 15 21 16 19 17 21 18 24 19 23 20 22 21 22 24 0
Case #92: 1 0
Case #93: 7 1 27 2 16 3 6 4 15 5 18 6 13 7 23 8 15 9 27 10 17 11 28 12 28 13 26 14 26 15 23 16 20 17 18 20 19 26 20 22 21 26 22 24 23 25 24 26 25 29 26 28 27 29 28 0
Case #94: 13 1 9 2 5 3 5 4 11 5 11 8 13 9 12 10 12 11 14 13 15 0
Case #95: 1 0
Case #96: 15 1 19 2 6 3 21 4 8 5 19 6 22 7 12 8 13 9 14 10 17 11 22 12 16 13 15 17 16 21 18 20 19 22 21 23 22 23 0
Case #97: 4 1 5 2 3 4 5 0
Case #98: 14 1 6 3 5 4 6 5 7 6 13 7 11 8 11 9 15 10 13 11 15 12 16 14 16 15 16 0
Case #99: 6 1 4 2 3 8 4 8 6 7 8 0
Case #100: 3 1 2 0
Case #101: 11 1 4 2 6 3 6 4 7 6 8 7 9 8 10 9 10 11 0
Case #102: 2 1 13 2 7 3 5 4 13 5 11 6 10 7 10 8 10 9 12 11 13 12 13 0
Case #103: 18 1 11 2 23 3 11 4 27 5 12 6 15 7 13 8 21 9 18 10 17 11 24 12 17 14 27 15 25 16 18 17 29 18 25 19 26 20 25 21 29 24 27 25 27 26 27 28 29 0
Case #104: 16 1 10 2 15 4 18 5 6 17 9 11 10 19 11 16 12 19 13 16 14 17 15 16 19 17 19 18 19 0
Case #105: 22 1 2 17 3 23 4 20 5 6 20 7 9 8 15 9 12 11 18 12 23 13 23 14 17 15 24 16 21 18 21 19 24 20 23 24 25 0
Case #106: 3 1 5 2 23 3 23 4 24 5 24 6 12 7 14 8 20 9 10 19 11 14 12 16 13 24 14 24 15 22 16 18 17 20 23 0
Case #107: 1 0
Case #108: 7 1 2 10 3 6 4 22 5 10 6 12 7 11 10 18 11 17 12 23 13 18 14 20 15 20 16 23 17 19 18 19 23 22 23 0
Case #109: 3 1 3 6 4 7 5 7 6 8 7 8 0
Case #110: 11 1 22 2 16 3 7 4 29 6 21 7 29 8 13 9 25 10 17 11 16 13 19 14 16 15 28 16 25 17 27 18 19 28 21 28 22 24 26 25 29 26 27 28 29 0
Case #111: 18 1 12 2 9 3 12 4 20 5 12 6 18 7 12 8 12 9 11 10 17 11 19 12 16 13 18 14 17 15 16 19 17 18 20 0
Case #112: 6 1 11 2 11 3 13 4 16 5 19 6 19 7 22 8 14 9 11 10 17 11 17 12 20 13 21 15 20 16 17 21 18 22 19 22 20 0
Case #113: 27 1 13 2 8 3 10 4 29 5 10 6 7 17 8 23 9 13 10 21 11 24 12 19 13 29 14 18 15 17 16 21 17 21 19 23 20 24 22 25 23 27 24 25 29 27 29 28 29 0
Case #114: 12 1 10 2 17 3 11 4 6 5 8 6 13 7 11 8 16 9 15 10 11 15 0
Case #115: 7 1 5 2 5 3 13 4 12 6 14 7 9 8 9 13 12 13 15 16 0
Case #116: 17 1 11 2 5 3 23 4 29 5 20 6 22 7 8 13 9 19 10 19 11 27 12 28 13 29 14 19 15 18 17 23 18 24 19 24 21 23 22 23 27 24 28 25 26 29 27 28 0
Case #117: 12 1 6 2 11 3 22 4 6 5 13 6 13 7 14 8 20 9 18 11 22 12 13 21 14 20 15 18 17 22 18 22 19 22 20 0
Case #118: 5 1 9 2 4 3 4 7 9 8 9 0
Case #119: 11 1 8 2 4 3 7 4 11 5 8 6 10 7 13 8 11 9 13 10 14 11 13 15 14 15 0
Case #120: 14 1 8 2 18 3 10 4 18 5 14 6 10 7 16 8 13 9 15 10 17 11 12 15 13 19 14 15 17 0
Case #121: 4 1 7 2 3 11 4 8 5 13 7 11 8 11 9 13 11 12 13 0
Case #122: 0
Case #123: 21 1 6 2 12 3 4 20 5 22 6 25 7 17 8 9 20 10 15 11 25 12 15 13 17 14 16 15 24 16 18 17 20 19 25 20 23 21 25 22 24 23 24 25 0
Case #124: 1 14 2 14 3 19 4 17 5 16 6 9 7 8 15 9 19 10 14 11 13 12 15 13 16 14 17 15 18 16 19 17 19 18 19 0
Case #125: 0
Case #126: 1 16 2 6 3 14 4 13 6 20 7 27 8 22 9 23 10 28 11 28 12 15 13 24 14 15 17 16 25 17 25 18 26 19 24 20 22 21 23 22 23 27 24 27 25 27 26 28 27 28 0
Case #127: 4 1 2 0
Case #128: 0
Case #129: 7 1 10 2 20 3 12 4 18 5 10 6 18 7 10 9 15 10 19 11 18 12 16 13 20 14 16 15 19 16 19 17 21 18 20 19 21 0
Case #130: 3 1 10 2 16 3 10 4 16 5 6 16 7 15 9 16 10 11 16 12 15 13 14 0
Case #131: 7 1 8 2 5 3 7 4 8 7 0
Case #132: 28 1 8 2 24 3 11 4 27 5 16 6 19 7 27 8 9 17 10 17 11 21 12 23 13 24 14 25 15 17 16 17 23 18 25 19 28 21 25 22 24 23 26 24 28 25 27 26 0
Case #133: 0
Case #134: 3 1 11 2 7 3 5 4 9 5 12 6 12 7 14 8 11 9 14 10 13 11 13 14 0
Case #135: 16 1 14 2 8 3 15 4 20 5 17 6 11 7 13 8 20 9 12 10 20 11 17 13 14 19 15 20 16 20 18 21 0
Case #136: 1 3 2 5 3 9 4 8 5 13 6 13 7 9 8 11 9 14 10 14 11 12 13 14 0
Case #137: 10 1 12 2 6 3 6 4 10 5 9 6 12 9 12 11 0
Case #138: 15 1 3 2 14 3 19 4 14 5 25 6 24 7 13 8 17 9 12 11 22 12 19 13 18 14 24 15 19 16 26 17 20 18 26 19 26 20 24 21 26 22 24 23 25 24 0
Case #139: 6 1 6 2 3 6 4 7 5 6 0
Case #140: 2 0
Case #141: 2 1 0
Case #142: 11 1 20 2 3 13 4 10 5 7 6 20 7 12 8 9 12 10 19 11 20 12 16 13 19 14 17 15 20 18 21 19 21 20 21 22 0
Case #143: 3 1 5 3 0
Case #144: 15 1 20 2 11 3 7 4 13 5 24 6 12 7 16 8 21 9 24 10 16 11 22 12 16 14 16 15 17 16 27 17 22 19 25 21 28 22 24 23 24 27 25 26 28 27 0
Case #145: 3 1 2 0
Case #146: 3 1 3 4 0
Case #147: 20 1 18 2 17 3 14 4 6 5 8 6 20 7 18 8 13 9 21 10 13 11 19 12 19 13 23 14 20 15 20 16 20 17 20 23 21 23 22 0
Case #148: 8 1 12 2 12 3 8 4 6 5 13 6 11 7 9 8 9 12 10 13 12 14 13 0
Case #149: 18 1 10 2 10 3 4 9 5 15 6 17 7 10 8 15 9 14 10 14 11 15 12 18 13 17 14 17 15 18 17 18 0
Case #150: 0
Case #151: 3 1 3 2 4 0
Case #152: 0
Case #153: 3 1 2 3 5 4 6 0
Case #154: 0
Case #155: 0
Case #156: 6 1 4 2 3 6 4 7 6 7 0
Case #157: 1 0
Case #158: 5 1 6 2 5 3 6 4 10 5 16 6 15 8 13 9 10 18 11 17 12 13 17 14 16 15 16 17 0
Case #159: 9 1 6 2 15 3 17 4 16 5 9 6 23 7 13 8 13 9 12 10 14 11 22 12 22 13 17 14 18 15 18 16 18 17 20 18 19 21 20 22 21 23 0
Case #160: 7 1 8 2 5 3 5 4 11 5 6 8 0
Case #161: 3 1 20 2 18 3 18 4 10 6 15 7 13 9 23 10 22 11 17 12 23 13 22 14 15 23 16 18 17 20 18 21 19 20 22 21 24 22 24 23 26 0
Case #162: 3 1 2 0
Case #163: 9 1 9 2 11 3 9 6 8 7 11 8 9 12 10 12 11 0
Case #164: 8 1 5 2 8 3 8 4 8 5 8 7 8 10 11 0
Case #165: 5 1 4 2 27 3 9 4 13 5 27 6 21 7 19 8 27 9 21 10 20 11 18 12 20 13 26 14 24 15 24 16 25 17 26 18 19 27 20 27 21 24 23 27 24 25 26 27 0
Case #166: 7 1 5 2 4 3 6 4 7 5 7 6 0
Case #167: 4 1 9 2 8 3 5 4 8 5 10 6 21 7 12 8 10 9 18 11 23 12 20 13 20 14 21 15 20 16 18 17 23 18 23 19 23 20 0
Case #168: 1 0
Case #169: 0
Case #170: 19 1 19 2 20 3 7 4 7 5 18 6 15 7 8 19 9 17 10 14 12 20 13 15 14 16 15 18 17 18 0
Case #171: 5 1 7 2 10 3 8 4 5 10 8 10 9 10 0
Case #172: 2 1 15 2 6 3 6 4 10 5 9 6 17 7 10 8 13 9 14 10 14 11 17 12 18 13 15 14 16 15 18 16 0
Case #173: 9 1 25 2 13 3 16 4 20 5 23 6 17 7 21 8 15 9 26 10 11 21 12 28 13 19 14 27 15 21 16 25 17 28 18 23 19 22 20 22 21 28 22 28 23 24 25 0
Case #174: 4 2 4 3 4 0
Case #175: 12 1 8 2 21 3 19 4 18 5 16 6 19 7 17 8 16 9 18 10 12 11 20 12 14 13 14 16 15 17 16 17 21 18 22 20 0
Case #176: 19 1 19 2 4 3 12 4 15 5 12 6 9 7 27 8 25 9 12 10 25 11 19 12 13 21 15 27 18 21 19 27 20 25 21 22 25 23 24 26 27 0
Case #177: 2 1 15 2 3 11 4 12 5 14 6 16 7 11 8 20 9 17 10 11 13 15 14 19 16 17 18 21 19 21 20 21 0
Case #178: 13 1 19 2 3 23 4 8 5 13 6 16 7 22 8 20 9 14 11 21 12 21 13 20 15 16 23 17 18 22 20 21 23 22 24 23 24 0
Case #179: 6 1 11 3 9 4 12 5 12 6 7 11 8 12 0
Case #180: 6 1 4 2 7 3 17 4 13 5 21 6 12 7 11 8 20 9 22 10 13 11 20 12 21 13 18 14 20 15 22 17 18 22 19 22 20 0
Case #181: 13 1 17 2 7 3 6 4 11 5 9 6 10 7 11 8 17 9 17 10 12 11 15 12 20 13 20 14 18 15 16 18 19 20 21 0
Case #182: 7 1 3 2 13 3 10 4 13 5 12 6 10 7 10 9 12 11 12 13 0
Case #183: 9 2 11 3 15 4 14 5 12 6 9 7 14 8 9 13 10 12 11 17 12 13 19 14 18 15 17 20 18 0
Case #184: 5 3 4 5 0
Case #185: 14 1 24 2 16 3 29 4 21 5 28 6 17 7 16 8 19 9 17 10 19 11 20 13 29 14 16 15 22 16 21 17 20 18 24 19 26 20 21 26 22 28 23 29 24 29 25 28 27 29 28 29 0
Case #186: 15 1 15 3 19 4 19 5 10 6 21 7 9 8 9 14 10 19 11 14 12 17 13 17 14 15 18 16 19 17 20 18 19 20 21 0
Case #187: 10 1 2 5 3 15 4 8 5 13 6 10 7 13 8 16 9 14 10 16 11 16 12 17 13 15 14 16 15 0
Case #188: 5 1 6 2 3 6 4 7 6 0
Case #189: 10 1 11 2 12 4 7 5 11 6 12 7 12 8 11 9 11 10 12 0
Case #190: 9 1 9 2 5 3 5 4 5 6 9 7 0
Case #191: 3 2 16 3 22 4 13 5 23 6 21 7 14 8 20 9 21 10 15 11 21 12 18 14 16 15 23 16 23 17 23 18 21 19 20 22 23 0
Case #192: 1 5 3 6 5 10 6 10 7 9 0
Case #193: 5 1 16 2 20 3 12 4 16 5 15 6 22 7 9 8 22 9 11 10 12 11 17 12 16 13 20 14 17 15 17 20 21 0
Case #194: 3 1 25 2 27 3 12 4 13 5 11 6 20 7 20 8 12 9 27 10 20 11 26 12 13 16 14 27 15 17 20 23 21 25 22 23 25 24 25 27 26 27 0
Case #195: 4 1 6 2 3 6 4 8 5 8 6 9 7 9 8 0
Case #196: 11 1 19 2 9 3 12 4 16 5 11 6 19 7 8 17 9 13 10 17 12 16 13 14 16 15 17 16 18 17 19 18 0
Case #197: 8 1 14 2 15 3 21 4 11 5 13 6 9 7 9 8 21 9 17 10 15 11 24 12 16 13 15 14 15 19 17 23 18 20 19 21 20 22 23 0
Case #198: 22 1 8 2 17 3 23 4 12 5 6 26 7 25 8 11 9 19 10 12 11 15 12 13 15 14 25 15 18 16 24 17 25 18 24 20 21 25 22 25 23 25 24 25 26 0
Case #199: 14 1 7 2 4 17 5 15 7 14 8 15 9 12 10 15 11 16 12 19 13 15 0
Case #200: 4 1 3 7 5 7 6 7 8 0
Case #201: 1 3 2 3 6 0
Case #202: 13 1 9 2 7 3 9 5 9 6 8 7 9 8 10 9 13 10 0
Case #203: 6 1 22 2 17 3 21 4 8 6 13 7 20 8 10 12 11 23 12 14 13 18 14 22 15 16 21 17 23 18 22 19 21 20 23 21 22 23 24 0
Case #204: 9 1 15 2 19 3 11 4 16 5 26 6 22 7 19 8 23 9 14 10 16 11 18 12 19 13 26 14 21 17 26 18 26 20 24 21 25 22 25 0
Case #205: 14 1 11 2 21 3 21 4 18 5 6 8 20 9 21 10 21 11 12 26 13 26 14 18 16 24 17 25 18 23 19 26 20 23 21 24 22 26 23 0
Case #206: 4 1 2 21 3 13 4 22 5 15 6 20 7 14 8 13 9 17 10 12 11 17 12 21 13 24 14 23 15 16 24 17 24 18 22 20 23 21 22 0
Case #207: 19 1 14 2 18 3 18 4 8 5 15 7 17 8 9 14 10 13 11 14 12 18 13 17 14 20 15 17 16 20 17 20 18 19 0
Case #208: 8 2 7 3 8 4 8 5 8 6 7 9 0
Case #209: 15 1 13 2 14 3 4 8 6 16 7 10 9 12 10 19 11 14 12 19 13 14 17 16 19 18 20 0
Case #210: 15 1 3 2 20 3 11 4 16 5 8 6 10 7 16 8 21 9 19 10 17 11 16 12 20 13 14 20 15 19 16 20 17 18 20 19 21 0
Case #211: 5 1 3 2 6 3 6 4 6 5 0
Case #212: 2 0
Case #213: 4 1 6 2 8 3 5 4 7 5 6 7 8 0
Case #214: 16 1 8 2 12 3 10 4 17 6 11 7 8 11 9 12 10 15 13 16 14 17 0
Case #215: 4 2 5 4 5 6 0
Case #216: 15 1 14 2 20 3 11 4 14 5 11 6 7 15 8 13 9 17 10 12 19 13 17 14 20 15 19 16 19 17 19 22 20 22 0
Case #217: 3 1 4 3 0
Case #218: 11 1 6 2 27 3 14 4 21 5 21 6 25 7 22 8 21 9 15 10 27 12 24 13 22 14 29 15 28 17 22 19 25 20 29 21 25 22 28 23 26 24 29 25 29 26 28 27 28 29 0
Case #219: 5 1 5 3 5 0
Case #220: 13 1 8 2 5 3 11 4 6 5 18 6 15 7 13 8 12 9 22 10 18 11 13 12 21 13 25 15 25 16 25 17 24 18 19 25 20 25 21 25 22 26 23 24 27 25 28 26 27 0
Case #221: 11 1 19 2 9 3 13 4 9 5 8 6 21 7 18 8 14 9 14 10 18 11 25 13 14 17 15 17 16 21 17 25 19 20 23 21 23 24 0
Case #222: 24 1 13 2 22 3 15 4 6 5 21 6 7 11 8 18 9 25 10 25 11 16 12 24 14 18 15 16 18 17 24 18 20 19 25 20 22 21 22 25 24 25 0
Case #223: 8 1 3 7 4 7 5 8 6 7 11 8 12 9 12 0
Case #224: 1 6 2 8 4 8 6 9 7 8 10 9 0
Case #225: 4 1 6 3 0
Case #226: 14 1 4 2 18 3 12 4 21 5 15 7 11 8 15 9 11 10 15 11 16 12 20 14 16 15 21 17 20 18 21 19 0
Case #227: 7 1 9 2 5 3 10 4 14 6 10 7 14 8 14 9 10 14 12 14 15 16 0
Case #228: 2 1 8 2 6 4 6 9 8 9 0
Case #229: 23 1 10 3 22 4 6 5 11 6 16 7 20 8 23 9 10 12 11 15 12 20 13 23 14 20 15 18 16 21 17 24 18 19 20 25 21 24 22 24 23 25 24 0
Case #230: 4 2 3 4 0
Case #231: 0
Case #232: 26 1 24 2 26 3 20 4 23 5 7 6 8 7 26 8 16 9 14 10 12 11 28 12 26 13 16 14 28 15 23 16 27 17 23 18 28 19 21 20 23 21 22 28 23 27 24 28 25 26 28 0
Case #233: 12 1 6 2 4 3 8 4 9 5 12 6 12 7 8 12 10 11 0
Case #234: 14 1 14 2 25 3 7 4 24 5 22 6 10 7 23 8 15 9 15 10 12 11 17 12 18 13 25 14 24 15 22 16 20 17 19 18 23 19 25 20 26 21 26 22 25 23 26 0
Case #235: 9 2 4 3 4 6 5 7 6 8 7 0
Case #236: 4 1 4 2 11 3 13 4 14 5 10 6 8 7 11 8 10 9 11 10 13 12 14 13 0
Case #237: 4 1 11 2 9 3 5 4 9 5 11 6 11 7 15 8 10 9 12 10 15 12 13 15 14 15 0
Case #238: 1 15 2 10 3 10 5 12 6 12 7 14 8 12 9 14 10 15 11 13 15 14 0
Case #239: 3 1 4 2 5 3 9 4 7 6 10 7 11 8 11 0
Case #240: 4 1 4 3 0
Case #241: 7 1 7 2 19 3 20 4 18 5 17 6 15 7 13 8 14 9 14 10 20 11 15 12 19 13 18 14 16 15 17 16 20 17 20 18 22 19 20 21 0
Case #242: 21 1 8 2 5 3 6 4 22 5 25 6 17 7 10 8 17 9 17 11 21 12 21 13 17 14 16 15 24 16 25 17 21 18 21 19 22 20 21 0
Case #243: 1 3 2 3 0
Case #244: 1 0
Case #245: 0
Case #246: 12 1 10 2 14 3 4 5 10 7 14 8 14 10 14 11 13 12 13 14 0
Case #247: 16 1 7 2 23 3 18 4 24 5 25 6 25 7 14 8 25 9 12 11 14 12 23 13 26 14 26 15 24 16 24 17 25 19 24 20 23 21 24 22 26 23 24 26 25 27 0
Case #248: 2 1 2 4 6 5 13 6 15 7 14 8 9 12 10 11 14 12 15 14 15 0
Case #249: 4 1 3 2 4 0
Case #250: 2 1 7 2 7 3 6 4 9 5 6 8 0
Case #251: 26 1 27 2 16 3 25 4 15 5 13 6 12 8 17 9 14 10 22 11 23 12 13 14 19 15 16 23 17 21 18 25 19 22 20 23 21 26 22 26 23 26 24 26 25 26 0
Case #252: 2 1 2 0
Case #253: 5 1 3 2 5 3 0
Case #254: 3 1 0
Case #255: 3 1 10 2 11 3 8 4 11 5 13 6 9 8 12 9 11 10 12 11 0
Case #256: 8 1 5 2 3 9 4 5 11 6 9 7 10 8 10 9 11 10 0
Case #257: 0
Case #258: 18 1 11 3 6 4 15 5 9 6 8 7 17 8 12 9 15 10 16 11 12 13 14 17 16 19 17 19 18 0
Case #259: 16 1 3 2 25 3 6 4 17 5 10 6 9 7 8 10 9 11 10 17 11 21 13 20 14 21 15 24 16 21 17 24 18 24 20 25 23 0
Case #260: 6 1 3 2 4 3 6 4 5 7 6 8 7 0
Case #261: 1 0
Case #262: 9 1 9 2 7 4 6 5 8 6 7 9 8 0
Case #263: 2 1 0
Case #264: 1 0
Case #265: 11 1 23 2 12 3 4 22 5 24 6 21 7 24 8 9 23 11 12 16 13 16 15 16 19 17 25 18 25 19 20 21 22 24 23 25 0
Case #266: 3 1 2 0
Case #267: 24 1 6 2 16 3 25 5 9 6 20 7 23 8 17 9 25 10 15 11 17 12 19 13 15 14 25 15 21 17 18 21 19 21 24 22 23 25 24 25 0
Case #268: 18 1 11 2 17 3 13 4 19 5 25 7 12 8 26 9 26 10 20 11 13 12 20 13 25 14 26 15 18 16 24 17 24 18 23 19 26 20 22 21 26 22 23 26 24 27 25 26 0
Case #269: 4 1 5 2 8 3 8 4 6 5 9 6 7 10 8 10 9 10 0
Case #270: 12 1 25 2 26 3 4 14 5 7 6 18 7 23 8 20 9 18 10 25 11 12 24 14 17 15 21 16 26 17 19 18 26 19 21 20 26 22 23 24 27 25 27 0
Case #271: 2 1 2 0
Case #272: 2 1 16 2 10 3 14 4 11 5 7 6 22 7 23 8 21 9 21 10 12 11 24 12 18 13 16 14 17 15 16 19 17 19 18 22 20 24 21 24 22 25 24 25 0
Case #273: 18 1 9 2 11 3 12 4 5 9 6 18 7 11 8 15 9 16 10 15 11 21 12 18 13 16 14 22 15 19 17 22 18 22 19 24 20 23 21 25 23 25 0
Case #274: 3 1 8 3 7 4 5 11 6 7 10 8 11 9 10 11 0
Case #275: 2 1 2 0
Case #276: 19 1 13 2 14 3 14 4 16 5 16 6 14 7 16 8 11 10 12 11 18 12 19 13 17 14 18 15 18 16 19 17 18 20 19 20 0
Case #277: 23 1 14 2 20 3 21 4 8 5 13 6 9 7 12 9 22 10 21 11 13 14 23 15 16 22 19 20 23 22 0
Case #278: 16 1 13 2 20 3 9 4 24 5 27 6 16 7 14 8 9 25 10 19 11 27 12 23 13 16 14 28 15 22 16 18 22 19 27 20 23 21 23 22 26 23 28 24 25 0
Case #279: 16 1 2 14 3 12 4 16 6 12 7 12 8 10 9 12 10 14 11 13 12 13 16 15 0
Case #280: 8 1 8 2 6 3 9 4 5 6 7 0
Case #281: 4 1 10 3 9 4 14 6 12 7 13 8 17 9 18 10 15 12 19 13 14 19 15 16 18 19 0
Case #282: 7 1 11 2 8 3 7 5 9 6 10 7 15 8 11 10 15 11 15 12 14 15 0
Case #283: 9 1 8 2 6 3 6 5 9 8 9 0
Case #284: 1 5 2 4 3 8 4 7 5 7 6 0
Case #285: 11 1 17 2 6 3 5 4 5 16 6 18 7 13 8 17 9 13 10 13 12 15 13 18 14 15 16 18 17 21 19 21 0
Case #286: 29 1 23 2 7 3 4 23 5 27 6 13 7 16 8 26 9 20 10 25 11 14 12 19 13 26 14 16 15 18 16 20 17 21 18 26 19 25 20 23 21 26 22 29 24 27 25 28 26 27 29 28 29 0
Case #287: 23 2 13 3 17 4 12 5 19 7 17 8 24 9 23 10 15 11 24 12 17 13 20 14 27 15 16 28 17 19 18 21 20 28 21 25 22 24 23 25 24 28 25 27 26 27 0
Case #288: 2 1 0
Case #289: 8 1 14 2 5 3 8 4 13 6 9 7 15 8 9 16 10 15 11 15 13 14 15 17 0
Case #290: 14 1 4 2 10 3 6 4 17 5 11 6 12 7 18 8 16 9 17 11 12 21 13 21 14 22 15 23 16 19 17 21 18 21 19 22 20 21 24 22 0
Case #291: 1 0
Case #292: 1 4 2 8 3 8 4 5 6 8 10 9 10 0
Case #293: 10 1 4 2 3 18 4 7 5 17 6 17 7 12 8 13 9 12 10 17 11 20 12 19 13 17 14 18 16 20 18 20 0
Case #294: 2 0
Case #295: 2 1 15 2 6 3 11 4 6 5 13 6 7 19 8 18 9 19 10 16 11 14 12 17 14 18 15 18 16 18 17 18 0
Case #296: 7 1 8 2 4 3 5 4 7 6 8 7 9 8 9 0
Case #297: 7 1 12 2 11 3 9 4 15 5 14 6 19 8 19 9 11 10 15 11 18 12 15 13 16 14 19 16 18 17 19 18 0
Case #298: 18 1 4 2 16 3 10 4 24 5 22 6 23 7 20 8 21 9 18 10 24 11 24 12 23 13 25 14 15 21 16 21 17 18 24 19 23 20 25 21 22 23 0
Case #299: 3 1 8 2 3 9 6 10 7 10 8 11 9 10 12 11 12 0
Case #300: 22 1 25 2 24 3 4 24 5 27 6 17 7 17 8 27 9 25 10 17 11 19 12 28 13 25 14 19 15 24 16 23 17 20 19 20 24 21 23 22 27 23 28 24 28 25 27 28 0
Case #301: 15 1 7 2 4 3 15 4 17 5 7 6 9 7 20 8 17 9 12 10 24 12 15 13 18 14 28 16 18 17 18 27 19 21 20 24 21 22 25 23 25 24 28 25 26 29 27 28 29 0
Case #302: 4 1 4 2 4 3 6 4 5 8 6 8 0
Case #303: 11 1 8 2 12 3 4 21 5 13 6 14 7 13 8 19 9 13 10 22 11 17 12 19 13 14 18 15 20 16 17 20 18 22 19 21 20 21 0
Case #304: 0
Case #305: 1 17 4 14 5 21 6 19 7 22 8 15 9 19 10 20 11 16 12 22 13 18 14 20 16 22 17 19 18 19 20 22 23 0
Case #306: 0
Case #307: 4 1 6 2 8 3 4 8 5 8 7 8 10 9 10 0
Case #308: 7 1 10 2 14 3 7 4 7 5 7 13 8 9 12 10 12 11 15 12 18 13 16 14 18 15 18 16 18 0
Case #309: 6 1 10 2 8 3 4 11 5 10 6 10 7 9 0
Case #310: 0
Case #311: 8 1 11 2 11 3 4 11 6 15 7 8 12 9 13 10 13 11 14 12 15 13 14 0
Case #312: 12 1 16 2 14 3 17 4 5 14 6 14 7 13 8 12 9 13 10 11 17 13 17 14 17 15 17 16 0
Case #313: 20 1 11 2 19 3 24 4 12 5 10 6 24 7 8 23 9 11 10 22 11 24 12 24 13 17 14 21 15 23 16 25 17 25 20 23 22 25 23 25 0
Case #314: 2 0
Case #315: 1 4 2 0
Case #316: 6 1 2 6 3 14 4 17 5 11 6 12 7 13 8 17 9 19 10 16 11 19 12 17 15 16 18 17 19 18 19 0
Case #317: 1 0
Case #318: 1 7 2 7 4 6 0
Case #319: 3 1 2 3 4 0
Case #320: 4 1 4 2 8 3 10 4 18 5 16 6 11 7 12 8 18 9 17 10 14 11 15 12 18 13 18 14 19 15 19 16 0
Case #321: 3 1 4 3 5 4 0
Case #322: 19 1 14 2 5 3 21 4 8 5 9 6 17 7 9 8 13 9 14 10 15 11 21 12 20 14 23 15 16 18 21 19 23 21 23 0
Case #323: 8 1 14 2 14 3 23 4 5 23 6 10 7 14 8 10 9 13 10 13 11 15 12 14 13 14 19 16 24 17 22 18 25 19 24 20 23 22 24 23 25 24 25 0
Case #324: 7 1 7 2 6 3 8 4 6 5 8 6 8 7 8 9 0
Case #325: 4 1 2 4 3 0
Case #326: 9 1 6 2 9 3 6 4 5 9 6 8 7 9 8 9 10 0
Case #327: 4 1 13 2 21 3 15 4 23 5 7 6 25 7 23 8 10 9 21 10 21 11 22 12 16 13 25 14 15 24 16 17 21 18 20 19 24 20 23 21 22 25 24 0
Case #328: 10 1 2 9 3 8 4 13 5 10 6 10 7 12 9 12 10 12 13 0
Case #329: 4 1 25 2 16 3 6 4 26 5 11 6 14 7 21 8 20 9 26 10 23 11 23 12 17 13 25 14 27 15 26 16 26 17 24 18 20 19 23 21 23 22 23 27 24 26 25 27 0
Case #330: 1 0
Case #331: 2 0
Case #332: 4 1 4 2 10 3 9 4 8 5 8 6 8 7 11 8 11 9 12 11 12 0
Case #333: 2 1 3 4 5 0
Case #334: 13 1 26 2 4 3 27 4 25 5 8 6 16 7 10 8 11 9 22 10 27 11 12 23 13 18 14 17 15 18 17 25 18 21 19 26 20 27 21 24 22 26 23 27 24 26 25 27 26 27 0
Case #335: 24 1 2 8 3 14 5 10 6 13 7 21 8 9 23 10 13 11 18 12 20 13 16 14 21 15 17 16 24 17 20 18 21 19 24 20 21 24 22 24 23 0
Case #336: 9 1 2 9 4 8 5 9 8 0
Case #337: 14 1 9 2 10 3 9 4 13 5 18 6 17 7 21 8 10 9 13 11 16 12 22 13 22 14 20 15 19 16 22 18 21 19 22 21 22 0
Case #338: 5 1 5 2 3 5 4 9 5 7 6 8 7 9 0
Case #339: 5 1 15 4 17 5 7 6 17 7 14 8 11 9 18 10 15 11 13 12 16 13 18 15 18 17 18 0
Case #340: 12 1 14 2 11 3 5 4 12 5 13 6 14 7 9 8 14 9 12 10 11 13 15 14 16 15 16 0
Case #341: 16 1 5 2 5 3 6 4 12 5 9 6 16 7 24 8 21 9 23 10 21 11 21 12 13 19 14 24 15 21 16 22 17 20 18 21 19 24 20 21 23 22 24 23 0
Case #342: 1 4 3 9 4 8 5 9 6 11 7 9 8 11 9 11 10 11 0
Case #343: 7 1 24 2 24 3 8 4 6 5 8 6 13 7 16 8 12 9 18 10 15 11 17 12 24 13 20 14 15 22 17 24 19 23 20 23 22 23 24 0
Case #344: 8 1 4 2 4 3 4 8 5 7 6 8 0
Case #345: 6 1 8 2 3 12 4 6 5 21 6 19 7 10 8 19 9 18 10 11 19 12 19 13 17 15 18 16 21 17 18 19 0
Case #346: 4 1 6 2 11 3 8 4 14 5 11 6 10 7 14 8 17 9 16 10 14 11 15 13 14 15 18 17 18 0
Case #347: 0
Case #348: 1 3 2 3 0
Case #349: 22 1 13 2 7 3 20 4 14 5 12 6 19 7 9 8 19 9 14 10 15 11 18 12 14 13 24 14 21 15 25 16 19 18 24 19 24 20 25 21 26 23 26 24 26 25 26 0
Case #350: 1 7 2 5 4 8 7 10 8 10 9 11 10 11 0
Case #351: 15 1 20 2 19 3 4 8 5 14 6 19 7 15 8 26 9 12 10 23 11 22 12 15 13 23 14 18 15 17 16 28 17 21 18 20 19 21 20 24 21 27 25 27 0
Case #352: 8 1 6 2 6 3 26 4 19 5 21 6 16 7 12 8 17 9 23 10 24 11 26 12 21 13 18 14 18 15 26 16 21 17 22 18 20 19 26 20 22 21 23 22 24 23 25 24 25 26 0
Case #353: 3 1 2 5 4 7 5 7 6 7 0
Case #354: 15 1 2 7 3 14 4 9 5 9 8 13 9 11 10 12 11 14 12 14 13 15 14 15 0
Case #355: 6 1 19 2 18 3 9 4 14 5 9 6 21 7 13 8 20 10 14 11 19 12 18 13 15 14 17 15 21 16 21 17 23 18 23 0
Case #356: 5 1 5 4 8 5 8 6 9 7 10 8 10 0
Case #357: 11 1 23 2 25 3 14 4 29 5 29 6 24 7 9 8 16 9 18 10 16 11 19 12 14 13 18 14 25 15 23 16 22 17 28 18 19 28 20 27 21 24 22 23 26 24 29 25 26 27 28 29 0
Case #358: 29 1 8 2 25 3 21 4 7 5 27 6 16 7 28 8 19 9 16 10 28 11 22 12 25 13 29 14 27 15 23 17 23 18 19 23 20 25 21 29 22 28 23 29 25 28 27 29 0
Case #359: 1 10 2 4 3 5 4 7 5 6 8 7 9 8 10 11 0
Case #360: 9 1 8 2 6 3 9 4 6 5 7 6 12 7 10 8 10 12 11 12 0
Case #361: 25 1 11 2 6 3 26 4 8 5 13 6 24 7 9 8 16 9 12 10 14 11 21 12 27 13 27 14 25 15 23 16 23 17 19 18 25 19 25 20 22 21 28 22 23 24 26 25 26 27 28 0
Case #362: 21 1 18 2 21 3 21 4 20 5 25 6 19 7 8 21 9 17 10 19 13 23 14 25 15 23 16 18 17 23 18 20 19 23 20 25 21 25 23 24 25 0
Case #363: 4 1 8 2 10 3 18 4 6 5 8 6 9 7 9 8 10 9 13 10 13 11 16 14 17 15 17 16 18 17 0
Case #364: 3 2 14 3 10 4 8 6 11 7 8 13 10 11 14 12 0
Case #365: 8 2 10 3 6 4 9 5 10 6 8 7 10 8 10 9 0
Case #366: 2 0
Case #367: 4 1 2 3 6 4 5 0
Case #368: 0
Case #369: 2 1 15 2 3 18 4 15 5 24 6 14 7 13 8 22 9 12 10 18 11 21 12 25 13 21 14 15 17 16 17 24 18 19 20 24 21 23 22 23 25 24 0
Case #370: 16 1 9 2 6 3 18 5 13 6 7 16 8 13 9 21 10 13 11 15 12 17 13 16 14 21 0
Case #371: 7 1 4 2 4 3 8 4 24 5 8 6 15 8 13 9 20 10 23 11 16 12 23 13 16 14 20 15 20 16 18 17 21 18 22 19 24 22 24 23 0
Case #372: 7 1 3 2 8 3 13 4 12 5 11 6 19 7 9 12 10 14 11 16 12 14 13 17 15 17 16 19 17 19 18 19 0
Case #373: 1 2 0
Case #374: 7 1 7 2 4 3 6 4 9 5 9 8 9 0
Case #375: 0
Case #376: 17 1 9 2 17 3 21 5 7 6 8 7 19 8 15 9 14 11 20 13 14 21 15 17 16 17 20 19 20 0
Case #377: 14 1 6 2 17 3 17 4 8 5 16 6 16 7 10 8 10 9 15 10 12 13 15 18 16 18 17 0
Case #378: 7 1 7 2 5 4 7 6 0
Case #379: 4 1 6 2 5 3 4 8 6 7 8 9 0
Case #380: 0
Case #381: 1 3 2 3 0
Case #382: 4 1 3 2 3 0
Case #383: 16 2 8 4 15 5 6 14 7 10 8 11 9 15 10 16 12 16 15 16 0
Case #384: 1 6 2 4 3 6 4 5 7 6 7 0
Case #385: 5 1 2 3 5 4 5 0
Case #386: 2 1 4 2 7 3 4 8 5 8 6 8 0
Case #387: 7 1 2 10 3 11 4 11 5 6 9 7 11 8 11 0
Case #388: 1 0
Case #389: 0
Case #390: 9 1 6 4 13 5 7 6 13 7 13 8 11 9 14 10 15 11 12 13 0
Case #391: 15 1 22 2 9 3 17 4 14 5 10 6 9 7 18 8 20 9 23 10 13 11 20 12 20 13 21 14 23 15 20 16 23 17 20 18 23 19 24 21 24 22 25 0
Case #392: 9 1 3 2 5 3 5 4 9 5 8 6 7 9 0
Case #393: 7 1 4 2 20 3 13 4 6 5 11 6 11 7 19 8 11 9 20 10 27 11 27 12 26 13 18 14 24 15 17 16 17 19 18 22 19 24 20 25 21 23 22 24 27 25 27 26 27 0
Case #394: 2 0
Case #395: 6 1 5 2 16 3 5 4 10 5 16 6 15 7 16 8 15 9 11 10 18 11 13 12 13 18 14 18 15 16 17 19 18 19 0
Case #396: 4 1 7 2 10 3 11 4 10 5 10 6 7 11 10 0
Case #397: 7 1 6 2 7 3 8 4 8 5 8 6 8 7 0
Case #398: 5 1 16 2 8 3 15 4 14 5 8 6 9 7 10 8 16 9 13 10 14 11 16 12 14 13 16 14 15 16 18 0
Case #399: 10 1 7 2 9 3 4 11 5 14 6 14 7 16 8 11 9 10 19 11 19 12 14 13 15 14 17 15 20 16 17 18 0
Case #400: 0
Case #401: 11 1 2 10 3 8 4 9 5 11 6 8 10 9 10 11 0
Case #402: 11 1 10 2 8 3 21 4 14 5 21 6 17 7 20 9 20 10 15 11 12 21 13 20 14 28 15 17 16 27 17 21 18 23 19 25 20 26 21 22 26 23 24 28 25 0
Case #403: 10 1 4 2 3 11 4 14 5 16 6 19 7 8 12 9 19 10 13 11 14 12 17 13 18 14 16 15 18 16 18 17 19 0
Case #404: 13 1 12 2 3 16 4 10 5 24 6 21 7 24 8 9 17 10 20 11 21 12 17 14 17 15 27 16 18 17 26 18 22 19 21 20 22 21 22 23 25 24 0
Case #405: 18 1 2 9 3 24 4 10 5 8 7 11 8 11 9 21 10 11 19 12 24 13 24 14 20 15 24 16 24 17 18 19 21 20 24 22 0
Case #406: 22 1 16 2 17 3 20 4 16 5 16 6 16 7 18 8 17 9 21 10 16 11 24 12 19 13 16 14 22 15 19 16 18 17 18 23 19 24 20 25 21 25 24 0
Case #407: 7 1 17 2 25 3 17 4 10 5 14 6 12 7 21 8 20 9 21 10 22 11 18 12 23 13 16 14 17 15 22 16 24 17 22 18 20 19 20 24 21 23 22 24 23 25 24 0
Case #408: 27 1 10 2 11 3 14 4 8 5 10 6 27 7 20 8 11 9 15 10 22 11 27 12 27 13 19 14 16 15 25 16 18 17 27 18 25 19 27 21 25 22 24 23 27 24 25 27 26 0
Case #409: 2 1 2 3 0
Case #410: 3 2 0
Case #411: 8 3 6 4 8 5 10 6 8 7 10 8 10 9 10 0
Case #412: 15 1 7 2 11 3 6 4 6 5 9 6 16 7 8 19 9 16 10 16 11 12 15 13 17 15 17 16 17 18 0
Case #413: 3 4 0
Case #414: 10 1 15 2 13 3 17 5 13 6 11 7 9 8 17 9 10 17 11 12 14 13 17 15 0
Case #415: 10 1 3 2 15 3 14 4 10 6 7 11 8 15 9 10 12 11 18 12 14 13 16 0
Case #416: 1 2 0
Case #417: 5 1 7 2 8 3 11 4 5 8 6 9 7 10 8 10 9 10 0
Case #418: 0
Case #419: 2 1 20 2 7 3 10 4 19 6 18 7 9 8 9 16 10 20 11 16 12 18 15 18 16 18 17 18 21 19 21 20 0
Case #420: 15 1 5 2 14 3 17 4 13 6 13 7 13 8 15 9 13 10 15 11 14 12 14 13 16 15 16 17 0
Case #421: 5 1 21 2 16 3 22 5 15 6 26 7 26 8 21 9 21 10 12 11 20 12 22 13 25 14 26 15 18 16 25 17 25 18 24 19 25 20 26 21 23 22 25 26 0
Case #422: 3 1 2 4 3 5 0
Case #423: 2 1 3 2 8 3 7 4 13 5 6 8 15 9 13 10 13 11 13 12 13 14 0
Case #424: 1 7 2 5 3 6 4 7 5 6 7 0
Case #425: 1 7 2 14 3 10 5 15 6 14 7 10 8 16 9 12 10 13 11 14 12 17 14 16 15 17 0
Case #426: 6 1 17 2 12 3 14 4 16 5 13 6 11 7 11 8 15 9 17 10 13 11 15 12 13 18 16 17 18 0
Case #427: 7 1 4 2 3 14 5 12 6 8 12 9 10 13 12 14 13 14 0
Case #428: 5 1 5 2 6 3 7 4 8 5 8 6 8 7 8 0
Case #429: 11 1 5 2 6 3 5 4 13 5 13 6 9 7 8 11 9 13 11 13 12 0
Case #430: 3 1 22 2 3 17 4 20 5 12 6 12 7 15 8 22 9 19 11 22 12 19 13 16 14 18 15 20 16 18 17 23 18 22 19 21 20 21 22 23 0
Case #431: 18 1 2 3 23 4 22 5 15 7 19 8 9 23 10 13 11 21 13 14 17 15 23 17 22 19 23 20 21 22 23 0
Case #432: 7 1 7 2 5 3 8 4 17 5 10 6 18 7 17 8 11 10 19 11 17 12 20 13 19 14 16 15 17 16 20 18 20 19 0
Case #433: 10 1 19 2 18 3 16 4 18 5 15 6 11 7 8 17 9 11 10 16 11 15 12 13 19 14 18 17 18 19 0
Case #434: 12 1 10 2 6 3 12 4 7 5 12 6 9 7 11 8 12 9 11 12 0
Case #435: 18 1 24 2 25 3 25 4 15 5 13 6 18 7 18 8 25 9 26 10 12 11 13 12 13 14 21 15 22 16 18 17 18 26 20 21 24 22 24 23 25 24 25 26 0
Case #436: 2 1 16 2 9 3 11 4 7 5 17 6 9 7 10 8 18 9 12 10 23 11 17 12 23 13 16 14 21 15 18 16 17 19 18 20 19 21 20 0
Case #437: 7 1 16 2 15 3 13 4 15 6 10 7 11 9 14 10 14 11 13 12 18 13 15 14 16 15 0
Case #438: 6 1 14 2 8 3 12 4 11 5 16 6 14 7 10 8 9 15 11 16 12 13 15 14 17 15 17 16 19 18 0
Case #439: 1 24 2 7 3 16 4 16 5 10 6 18 7 19 8 21 9 10 13 11 24 12 22 13 20 14 19 15 23 16 22 17 23 18 19 24 21 23 24 0
Case #440: 0
Case #441: 19 1 15 2 10 3 13 4 7 5 20 6 9 7 20 8 9 14 10 18 12 14 13 19 16 19 17 20 19 20 0
Case #442: 2 1 10 2 8 3 10 5 9 6 8 7 9 8 10 9 0
Case #443: 0
Case #444: 7 1 7 2 15 3 10 4 17 5 10 6 14 7 15 8 9 18 10 11 13 12 15 13 16 14 16 15 19 17 19 18 19 0
Case #445: 9 1 9 2 3 12 4 8 5 10 6 9 8 12 10 11 12 0
Case #446: 22 1 7 2 9 3 16 4 16 5 22 6 20 7 29 8 29 9 15 10 28 11 14 12 19 13 23 14 29 15 19 17 27 18 20 19 22 20 29 21 29 22 25 24 27 25 26 29 27 0
Case #447: 2 1 4 2 3 4 0
Case #448: 6 1 6 2 3 4 6 5 8 6 8 7 12 8 10 9 12 10 0
Case #449: 20 1 9 2 8 3 24 4 18 5 10 6 20 7 22 8 16 9 14 10 24 11 22 12 24 13 20 14 19 15 20 16 20 17 24 18 24 19 25 20 21 25 22 24 23 25 0
Case #450: 4 1 21 2 18 3 20 4 23 5 12 6 20 7 9 8 9 16 12 13 18 14 21 15 16 23 17 21 18 21 19 20 23 0
Case #451: 4 1 19 2 6 3 14 4 5 12 6 19 7 10 8 15 9 18 10 16 11 15 12 15 13 14 21 16 21 18 20 22 21 0
Case #452: 12 1 16 2 9 3 16 4 23 5 18 6 16 7 15 8 17 9 22 10 12 11 12 15 13 14 17 15 16 17 27 18 24 19 22 20 22 21 25 22 23 26 24 26 25 26 28 27 0
Case #453: 4 1 3 2 3 23 4 20 5 21 6 17 7 10 8 17 9 11 10 12 11 21 12 18 14 18 16 25 17 25 18 22 19 20 24 21 26 22 25 23 25 24 26 0
Case #454: 5 1 8 2 3 9 4 10 5 7 6 9 7 9 8 0
Case #455: 5 1 4 2 4 3 4 5 0
Case #456: 5 1 5 2 5 0
Case #457: 7 1 7 2 11 3 7 4 7 5 11 8 9 0
Case #458: 21 1 8 2 19 3 18 4 17 5 24 6 13 8 10 9 18 10 11 17 12 23 13 17 14 15 22 16 22 17 19 18 20 19 22 20 25 21 25 22 25 23 25 24 0
Case #459: 3 1 12 2 9 3 12 4 5 24 6 12 7 18 8 26 9 14 10 24 11 18 12 23 13 26 14 17 15 23 16 25 17 23 20 26 21 22 24 23 24 25 26 0
Case #460: 18 1 7 2 10 4 17 5 15 6 15 7 8 20 9 12 10 13 11 16 12 15 13 17 14 20 15 19 16 19 17 19 18 21 19 21 20 21 0
Case #461: 3 2 0
Case #462: 2 1 4 2 9 3 8 4 17 5 9 6 14 7 17 8 11 10 13 11 17 12 18 13 14 15 17 16 18 17 0
Case #463: 8 1 3 2 11 3 16 4 9 5 21 6 17 7 10 8 17 9 21 10 14 11 16 12 17 13 20 14 23 15 23 16 25 17 20 18 19 25 20 25 21 24 23 25 24 25 0
Case #464: 15 1 8 2 11 3 12 4 17 5 7 11 8 10 9 17 10 14 11 15 12 15 17 16 17 0
Case #465: 2 7 3 4 5 7 6 0
Case #466: 4 2 5 3 5 0
Case #467: 10 1 13 3 11 4 8 5 13 6 13 7 13 9 11 10 11 13 0
Case #468: 3 1 0
Case #469: 15 1 21 2 4 3 11 4 6 5 13 6 19 7 9 8 10 9 21 10 19 11 15 12 21 14 20 15 22 16 18 17 21 18 19 22 20 0
Case #470: 1 6 2 12 3 9 4 10 5 9 6 12 7 10 8 12 9 11 12 14 0
Case #471: 0
Case #472: 9 1 16 2 15 3 9 4 5 8 6 19 7 14 8 25 9 25 10 22 11 24 12 15 13 14 20 15 26 16 25 17 26 18 21 19 24 21 26 22 23 25 24 26 25 0
Case #473: 6 1 7 2 3 6 4 5 6 7 0
Case #474: 14 2 10 3 14 4 16 5 9 6 18 7 8 16 10 18 11 21 12 19 13 17 14 20 15 18 16 17 21 0
Case #475: 4 2 7 3 8 4 5 11 8 11 9 11 0
Case #476: 15 1 5 2 3 13 4 8 5 10 6 12 7 17 9 14 10 11 17 12 17 13 17 14 17 16 18 0
Case #477: 8 1 10 3 9 4 13 5 9 6 7 10 8 15 9 11 10 11 15 12 14 13 14 15 0
Case #478: 2 1 4 2 16 3 7 4 14 5 27 6 11 7 14 8 27 9 11 10 15 12 16 13 19 14 16 15 25 16 18 17 18 29 19 27 20 22 21 24 22 28 23 28 24 25 27 26 27 0
Case #479: 11 1 14 2 17 3 7 4 11 5 18 6 10 8 12 10 11 13 12 17 13 15 14 19 15 19 16 17 19 18 19 0
Case #480: 5 1 2 7 3 5 4 6 5 7 6 7 0
Case #481: 0
Case #482: 15 1 9 2 15 3 12 4 9 5 16 6 9 7 15 8 10 9 11 16 12 15 13 15 14 0
Case #483: 1 0
Case #484: 1 3 2 5 3 5 4 6 5 8 6 7 0
Case #485: 26 2 3 20 4 19 5 27 6 26 7 15 8 15 9 13 10 11 26 12 24 13 27 14 19 15 27 16 17 22 18 19 20 22 21 28 22 25 23 24 26 25 28 26 28 0
Case #486: 12 1 4 2 4 3 15 4 15 5 14 6 7 12 8 10 9 15 10 13 11 13 12 14 13 14 0
Case #487: 6 1 8 2 10 3 12 5 7 9 8 13 11 12 13 0
Case #488: 1 8 3 13 4 13 5 12 6 12 8 10 9 11 10 14 11 14 12 14 0
Case #489: 21 1 15 2 16 3 6 4 7 5 20 6 22 7 24 8 21 9 18 10 22 11 18 13 22 14 16 15 19 16 19 18 22 19 20 25 21 23 22 23 25 24 27 25 26 0
Case #490: 4 1 14 2 5 3 15 4 8 5 15 6 13 7 16 9 12 10 14 12 15 13 14 15 0
Case #491: 12 1 24 2 19 3 16 4 12 5 9 6 24 7 18 8 9 16 10 23 11 22 12 18 13 18 14 21 15 18 16 23 17 20 18 22 19 24 20 24 21 24 23 0
Case #492: 24 1 4 2 17 3 22 4 25 5 15 7 19 8 14 9 18 11 25 12 22 13 17 14 22 15 19 16 19 17 23 18 24 19 21 23 25 24 0
Case #493: 7 1 2 6 3 8 5 12 6 15 7 11 8 11 9 18 10 11 19 13 19 14 17 15 18 17 21 18 19 21 20 21 0
Case #494: 3 1 3 2 9 3 11 4 8 5 12 6 7 11 8 10 9 10 12 11 12 0
Case #495: 6 1 16 2 6 3 9 4 8 5 16 6 9 7 13 8 12 9 15 10 15 11 14 12 16 14 16 15 0
Case #496: 10 1 9 2 5 3 7 4 8 5 9 6 8 7 10 9 10 0
Case #497: 2 6 4 5 6 0
Case #498: 0
Case #499: 0
Case #500: 23 1 21 2 18 3 24 4 22 5 12 6 25 7 22 8 23 9 15 10 14 11 13 21 14 25 15 18 16 25 17 24 19 23 20 26 22 28 23 26 25 26 28 27 28 0
Case #501: 1 0
Case #502: 7 1 5 2 8 3 15 4 5 9 6 19 7 8 13 9 25 10 16 11 20 12 25 13 19 14 26 15 18 16 18 17 26 18 26 19 24 20 24 21 26 22 27 28 0
Case #503: 12 2 5 3 7 4 6 5 13 7 8 13 9 10 14 11 14 0
Case #504: 1 5 2 4 5 6 7 0
Case #505: 9 1 9 2 20 3 17 4 8 5 8 7 11 8 14 9 16 10 16 11 12 16 13 15 14 20 15 16 22 17 20 18 22 20 22 21 22 0
Case #506: 22 1 2 26 3 20 4 9 5 11 6 20 7 14 8 10 9 23 10 26 11 26 12 24 13 19 14 19 15 20 16 20 17 23 18 24 19 22 20 24 21 22 24 23 25 24 25 27 26 0
Case #507: 3 1 26 2 19 3 13 4 18 5 21 6 15 7 16 8 9 14 10 16 11 14 12 20 13 24 14 23 15 25 16 19 17 25 19 23 20 21 25 22 26 23 25 24 26 27 0
Case #508: 20 1 4 2 18 3 7 4 22 5 15 6 15 7 15 8 25 9 22 10 23 11 23 12 13 15 14 19 15 24 16 18 17 24 18 26 20 22 21 23 22 25 24 26 25 0
Case #509: 8 1 13 2 8 3 8 4 12 5 10 6 9 7 12 9 11 10 13 11 12 14 13 0
Case #510: 1 4 2 6 0
Case #511: 17 1 9 2 16 3 26 4 21 5 16 6 29 7 18 8 10 21 11 28 12 17 13 14 18 15 23 16 17 18 27 19 20 28 21 22 25 23 29 24 28 25 28 27 29 28 29 0
Case #512: 18 1 10 2 9 3 8 4 14 5 10 6 8 7 10 8 12 9 18 10 11 13 12 19 13 19 14 16 19 18 0
Case #513: 1 2 0
Case #514: 2 1 10 2 10 3 6 4 12 5 11 6 9 7 9 8 9 12 10 12 11 12 0
Case #515: 1 4 2 7 3 10 4 9 5 9 6 10 7 9 8 11 9 11 10 11 0
Case #516: 12 1 10 2 25 4 14 5 23 6 25 7 10 8 22 9 21 10 19 11 25 12 23 13 15 14 19 15 18 16 18 17 19 18 24 19 20 22 21 25 22 25 0
Case #517: 4 1 18 2 10 4 10 5 20 6 12 7 9 8 16 9 15 10 21 11 18 13 15 14 21 15 21 16 19 18 21 19 20 21 0
Case #518: 16 1 7 2 10 3 12 4 18 5 9 6 21 7 12 8 12 9 17 10 20 11 20 12 18 13 15 14 24 15 22 16 19 17 21 18 20 19 21 20 23 22 24 0
Case #519: 3 1 7 2 8 3 5 4 12 5 11 6 9 7 11 8 14 9 11 10 11 14 12 13 14 0
Case #520: 4 1 2 0
Case #521: 15 1 3 2 14 3 10 4 14 5 8 6 16 8 11 9 16 10 13 11 14 12 19 13 18 14 16 15 17 16 19 17 20 19 21 0
Case #522: 3 1 5 3 4 5 0
Case #523: 7 1 4 2 6 3 4 10 5 12 6 13 7 15 8 14 9 13 10 17 11 16 12 16 13 16 14 16 15 17 16 17 0
Case #524: 3 2 3 0
Case #525: 6 1 26 2 5 3 17 4 23 5 23 6 22 7 25 8 23 9 28 10 14 11 25 12 21 13 18 14 22 15 27 16 20 18 23 19 22 20 21 24 22 24 23 27 24 28 25 28 27 0
Case #526: 4 1 16 2 5 3 7 4 11 5 26 6 25 7 11 9 23 11 25 12 19 13 20 14 20 15 24 16 22 17 19 18 22 19 23 20 26 22 26 23 24 26 25 26 0
Case #527: 2 1 3 2 4 3 4 0
Case #528: 12 1 7 2 7 3 5 4 13 5 8 6 7 12 8 13 9 10 13 11 13 0
Case #529: 0
Case #530: 17 1 10 2 7 3 15 4 21 5 20 6 14 7 9 13 10 15 11 15 12 20 13 22 14 15 26 16 23 17 19 18 21 19 21 27 22 26 24 26 0
Case #531: 4 1 6 2 5 3 4 6 5 0
Case #532: 0
Case #533: 5 1 8 2 14 3 14 4 11 5 13 6 12 7 12 8 10 9 13 10 12 11 12 13 15 14 15 0
Case #534: 11 1 12 2 15 3 14 4 16 5 10 6 7 10 8 11 9 16 10 17 11 15 12 15 14 17 15 0
Case #535: 25 1 20 2 8 3 19 4 19 5 16 6 9 7 20 8 9 26 10 15 11 23 12 23 13 15 28 16 26 17 21 18 19 21 20 26 21 22 27 23 24 26 25 27 26 28 27 28 0
Case #536: 5 2 8 3 9 4 9 5 6 8 7 9 0
Case #537: 8 1 9 2 11 4 9 5 23 6 16 7 17 8 21 9 13 11 16 12 15 21 16 23 18 19 24 20 0
Case #538: 18 1 14 2 10 3 11 4 8 5 13 6 16 7 17 8 10 9 13 10 20 11 13 12 15 14 16 15 19 16 21 17 20 18 20 19 20 0
Case #539: 7 1 7 2 4 3 5 4 17 5 21 6 7 13 8 16 9 25 11 15 13 21 14 15 20 16 21 17 18 25 23 25 0
Case #540: 12 1 9 2 10 3 7 4 12 5 12 7 11 8 11 9 11 10 11 13 12 0
Case #541: 20 1 4 2 10 3 8 4 7 5 24 6 24 7 21 8 21 9 19 10 12 11 24 12 25 13 15 14 24 16 23 17 23 19 22 20 23 21 24 22 25 23 24 26 25 0
Case #542: 6 1 5 2 4 3 6 4 8 6 9 8 0
Case #543: 1 0
Case #544: 3 1 7 2 11 3 6 4 10 5 7 14 8 9 12 10 13 11 13 12 13 0
Case #545: 0
Case #546: 19 1 13 2 17 3 18 4 6 5 17 6 10 7 19 9 18 10 11 13 12 15 14 16 15 18 16 18 17 0
Case #547: 5 1 3 4 6 0
Case #548: 1 7 3 12 4 7 5 12 6 8 12 9 13 10 15 11 13 12 13 0
Case #549: 12 1 15 2 9 3 16 5 6 7 18 8 13 9 15 10 18 11 20 12 14 13 18 15 20 16 19 17 0
Case #550: 5 1 2 3 7 4 8 6 0
Case #551: 1 2 5 3 5 4 0
Case #552: 16 1 18 2 23 3 10 4 21 5 11 6 22 7 12 8 17 9 20 10 19 11 12 14 13 21 14 23 15 23 16 21 17 19 23 21 22 23 0
Case #553: 9 1 16 2 15 3 9 4 10 5 10 6 10 7 20 8 16 9 14 10 14 11 16 12 20 13 21 14 19 15 19 16 20 18 21 19 0
Case #554: 4 1 6 2 7 4 5 6 7 0
Case #555: 0
Case #556: 6 1 19 2 13 4 15 5 19 6 15 7 13 8 17 9 10 11 20 12 14 13 16 14 18 15 19 16 17 20 18 20 19 20 0
Case #557: 6 1 15 2 3 12 4 18 5 14 6 20 7 8 14 9 21 11 20 12 14 13 21 14 18 15 20 16 20 0
Case #558: 7 1 4 7 5 0
Case #559: 18 1 24 2 6 3 13 4 19 5 15 6 12 7 21 8 24 9 22 10 19 11 13 12 23 13 19 14 22 15 20 16 21 17 19 18 19 25 20 24 21 25 22 23 0
Case #560: 3 1 4 2 4 3 4 0
Case #561: 24 1 14 2 6 3 25 4 6 5 12 6 22 7 15 8 19 9 19 10 18 11 14 12 15 13 19 14 17 15 27 16 26 17 23 18 20 19 20 25 21 24 22 24 25 27 26 0
Case #562: 1 0
Case #563: 15 1 24 2 13 3 25 4 15 5 11 6 24 7 10 8 25 9 13 10 20 11 23 12 15 13 21 14 26 15 19 16 18 17 27 18 22 19 27 20 23 21 22 23 24 27 25 28 26 28 0
Case #564: 1 0
Case #565: 18 1 11 3 7 4 12 5 13 6 9 7 16 8 10 9 18 10 18 11 16 12 20 14 20 15 18 19 20 0
Case #566: 7 1 8 2 10 3 6 4 5 8 6 7 10 8 10 9 10 0
Case #567: 25 1 24 2 4 3 7 4 11 5 16 6 23 8 26 9 17 12 17 13 28 14 18 16 28 18 28 19 23 21 28 22 24 23 26 24 25 26 0
Case #568: 4 2 6 3 5 4 8 6 7 9 8 9 0
Case #569: 0
Case #570: 4 1 18 2 12 3 10 4 7 5 16 6 14 7 9 8 11 9 16 10 16 11 13 12 16 13 14 19 15 16 21 17 20 18 20 0
Case #571: 17 1 8 2 13 3 11 4 23 5 13 6 20 7 12 8 9 14 10 17 11 20 13 14 19 15 19 16 21 17 19 23 22 0
Case #572: 4 1 10 2 6 3 10 5 8 7 9 14 10 13 11 13 12 13 14 0
Case #573: 4 3 4 0
Case #574: 14 1 18 2 14 3 10 4 14 5 15 6 14 7 10 8 11 9 11 10 14 11 22 12 15 13 17 14 20 15 22 17 21 18 21 20 22 21 0
Case #575: 12 1 12 2 7 3 8 4 6 5 8 6 17 7 12 9 15 10 16 11 14 12 13 14 16 17 0
Case #576: 2 1 7 2 6 3 7 5 6 0
Case #577: 14 1 11 2 4 3 5 4 10 5 7 6 12 7 15 8 10 9 16 10 13 11 14 12 13 16 14 16 15 16 0
Case #578: 1 9 2 8 3 6 4 8 5 7 6 0
Case #579: 8 1 2 17 3 9 4 22 5 12 6 9 7 10 8 21 9 10 20 11 16 12 21 13 17 14 22 15 17 16 22 17 22 18 19 22 20 22 21 0
Case #580: 1 0
Case #581: 11 1 7 2 11 5 6 7 9 8 11 9 12 10 12 11 12 0
Case #582: 4 1 15 2 16 3 14 4 9 5 12 6 11 7 8 18 9 12 10 18 11 21 12 13 22 14 15 19 17 20 18 22 19 21 20 22 21 23 22 0
Case #583: 13 1 6 2 26 3 15 4 19 5 8 6 18 7 18 8 27 9 21 10 20 11 14 13 20 14 26 15 20 16 23 17 19 23 20 28 21 28 22 23 26 25 26 27 0
Case #584: 12 1 4 2 10 3 4 14 5 14 6 16 7 15 8 16 9 16 10 11 13 12 14 13 16 14 16 15 16 0
Case #585: 3 1 10 2 5 3 7 4 6 5 8 6 9 0
Case #586: 2 1 5 2 7 4 7 5 7 6 0
Case #587: 10 1 6 2 8 3 4 6 10 8 0
Case #588: 2 1 8 2 15 3 5 4 9 6 17 7 20 8 17 9 22 10 22 11 16 12 14 13 18 14 19 15 17 16 20 17 22 18 20 19 20 0
Case #589: 0
Case #590: 4 1 3 0
Case #591: 4 1 3 2 15 3 10 4 6 5 11 6 15 7 8 16 9 19 10 19 11 17 12 18 13 16 14 15 19 17 0
Case #592: 6 1 16 2 22 3 8 4 18 5 21 6 12 7 22 8 16 9 14 10 16 11 13 12 25 13 14 19 15 25 16 17 22 18 24 19 24 20 24 22 27 25 26 0
Case #593: 10 1 16 2 10 3 14 5 11 6 14 7 14 8 10 9 16 10 17 11 19 12 14 13 15 14 17 15 21 16 19 17 19 18 19 21 20 0
Case #594: 18 1 4 2 11 3 8 4 17 5 17 7 15 8 21 9 15 10 13 11 17 12 15 13 20 14 18 15 16 17 20 18 20 19 0
Case #595: 28 1 26 2 22 3 4 8 6 21 7 22 8 23 9 15 10 21 11 26 12 24 13 19 15 23 16 24 17 24 18 27 19 21 20 26 21 22 28 23 26 24 25 27 0
Case #596: 4 1 23 2 16 3 17 4 8 5 17 6 16 8 25 9 27 10 20 11 18 12 14 13 15 14 15 18 16 22 17 25 18 20 19 20 22 21 23 22 25 23 24 25 27 26 0
Case #597: 2 1 2 4 3 0
Case #598: 15 1 16 2 11 3 4 8 5 11 6 9 7 10 8 13 10 17 11 12 14 17 16 17 0
Case #599: 14 1 17 2 6 3 8 4 15 5 8 7 9 18 10 18 12 14 13 15 14 18 0
Case #600: 6 1 6 2 12 3 12 4 11 5 12 6 13 7 12 9 13 10 12 11 13 0
Case #601: 0
Case #602: 7 1 10 2 22 4 22 5 20 6 19 7 13 8 25 10 14 11 21 12 13 22 14 26 16 26 17 27 19 27 20 22 21 28 22 24 23 27 24 28 25 28 27 0
Case #603: 12 3 13 4 13 5 9 6 10 8 9 14 10 14 13 0
Case #604: 16 1 6 2 13 3 16 4 16 5 13 6 14 7 10 8 19 9 20 11 13 12 20 13 20 14 17 15 21 16 18 17 22 18 19 23 20 23 21 23 22 0
Case #605: 5 1 22 2 19 3 26 6 12 7 24 8 20 9 16 10 21 11 13 12 13 16 14 19 15 28 16 18 17 28 18 28 20 27 21 25 22 28 23 27 24 27 25 26 29 27 29 28 29 0
Case #606: 24 1 9 2 6 3 28 4 12 5 18 6 21 7 17 8 22 9 26 10 18 11 15 12 20 13 14 19 15 17 16 21 17 21 18 25 19 27 20 24 21 22 28 23 28 26 28 0
Case #607: 1 7 2 9 3 6 4 8 5 10 6 7 10 8 9 0
Case #608: 5 1 6 2 10 3 8 4 9 6 9 7 10 8 10 0
Case #609: 4 2 0
Case #610: 5 1 8 2 9 3 9 4 5 10 6 12 7 11 8 9 12 10 12 11 12 0
Case #611: 6 1 28 2 24 3 10 4 12 5 6 20 7 22 8 10 9 12 10 12 11 21 12 18 14 26 15 22 16 20 17 22 18 20 19 22 20 23 21 23 22 26 23 25 24 27 25 26 0
Case #612: 9 1 9 2 8 4 8 5 6 0
Case #613: 22 1 8 2 20 3 20 4 18 5 22 6 8 7 18 8 11 9 16 10 14 11 13 12 17 13 18 14 22 15 16 20 18 22 19 20 22 0
Case #614: 7 1 15 2 6 4 13 5 9 6 13 7 8 9 14 10 11 14 12 15 13 0
Case #615: 20 1 11 2 13 3 7 4 17 5 9 7 13 8 18 10 23 11 26 12 29 13 28 14 28 15 25 16 27 17 24 18 22 19 22 20 25 21 22 24 23 26 25 29 27 0
Case #616: 5 2 8 3 6 4 13 5 8 6 13 7 11 8 13 9 13 10 12 0
Case #617: 8 1 4 2 5 3 5 4 5 7 6 7 8 0
Case #618: 1 5 3 4 11 5 10 6 7 13 8 10 9 12 10 12 0
Case #619: 14 1 17 3 7 4 6 5 20 6 21 7 16 8 22 9 12 10 13 12 20 13 16 14 22 15 22 16 20 17 21 18 19 21 20 21 0
Case #620: 6 1 5 2 5 3 6 5 0
Case #621: 21 1 16 2 13 3 24 4 17 5 10 6 11 7 18 8 22 9 13 10 20 11 25 12 13 14 20 15 16 20 17 22 18 22 19 23 20 25 21 22 25 24 25 0
Case #622: 16 1 6 2 13 3 11 4 9 5 11 7 14 8 17 9 19 10 14 11 14 12 17 13 14 19 15 17 19 0
Case #623: 17 1 2 7 3 11 4 13 5 11 6 10 7 18 8 11 9 19 10 15 11 13 12 19 13 17 14 18 15 18 16 18 17 19 0
Case #624: 9 1 8 2 13 3 5 4 9 6 7 10 9 15 10 14 12 16 13 16 14 16 15 0
Case #625: 2 0
Case #626: 22 1 5 2 22 3 5 4 7 5 13 6 16 7 11 8 20 9 20 11 15 12 13 17 14 18 15 21 16 19 17 23 18 22 19 22 21 23 22 0
Case #627: 1 5 2 4 3 5 4 8 6 10 7 8 0
Case #628: 9 1 10 2 7 3 14 4 6 5 14 6 15 7 12 8 16 9 11 10 13 11 15 12 14 13 16 14 0
Case #629: 5 1 9 2 17 3 4 5 15 6 8 7 15 8 12 9 13 10 13 11 14 12 16 13 18 15 18 17 18 0
Case #630: 4 1 2 4 3 4 0
Case #631: 2 1 6 2 9 3 9 4 8 6 8 7 8 0
Case #632: 16 1 12 2 18 3 6 4 14 5 8 6 16 7 15 8 11 9 12 10 18 11 18 12 19 13 15 14 15 19 16 21 17 20 18 21 19 20 0
Case #633: 6 1 14 2 10 3 4 8 5 25 6 21 7 14 8 16 9 11 10 15 11 12 19 13 15 14 22 15 16 18 17 23 18 21 19 22 20 24 21 24 23 25 0
Case #634: 15 2 10 3 9 4 17 5 8 7 18 8 18 9 15 10 11 13 16 14 16 17 18 0
Case #635: 22 1 8 2 8 3 13 4 14 5 10 6 11 7 14 9 10 20 11 14 12 18 13 21 14 25 15 19 16 21 17 23 18 20 19 24 21 24 22 24 23 25 24 26 0
Case #636: 12 2 13 3 5 4 13 5 11 6 8 7 15 8 10 9 13 12 14 0
Case #637: 4 1 11 3 16 4 13 5 9 7 15 8 15 9 14 10 13 12 14 13 14 15 17 16 17 0
Case #638: 6 1 4 2 6 4 6 7 8 0
Case #639: 23 1 15 2 19 3 12 4 23 5 14 6 9 7 13 8 15 9 18 11 21 12 16 13 14 16 22 17 18 23 19 22 20 25 21 24 23 25 24 0
Case #640: 1 14 3 9 4 5 10 6 12 7 12 8 10 12 11 14 12 0
Case #641: 4 1 6 2 4 3 6 4 8 0
Case #642: 17 1 7 3 11 4 8 5 6 18 7 18 8 20 9 16 10 20 11 13 12 19 13 20 14 17 15 21 16 21 17 20 19 20 21 0
Case #643: 2 3 14 4 8 5 7 6 14 7 14 9 11 10 14 11 13 12 14 13 0
Case #644: 18 1 5 2 10 3 11 4 20 5 12 6 12 7 19 8 11 9 13 10 15 11 17 12 16 13 18 14 18 15 21 16 20 19 20 21 0
Case #645: 10 1 22 2 19 3 7 4 28 5 13 6 26 7 23 8 10 9 27 10 19 11 13 12 20 13 19 14 26 15 27 16 24 17 21 18 23 19 20 23 22 26 23 25 24 28 25 28 26 0
Case #646: 1 2 5 3 8 4 7 5 8 0
Case #647: 4 1 8 2 5 4 8 5 10 6 10 7 9 8 10 0
Case #648: 3 1 26 2 14 3 7 4 8 5 6 22 7 17 8 21 9 18 10 15 11 27 13 27 14 27 15 20 16 26 17 23 19 23 20 24 21 26 22 27 23 25 24 25 26 0
Case #649: 3 2 5 4 5 0
Case #650: 17 1 16 2 27 3 16 4 17 5 8 6 28 7 22 8 25 9 18 10 24 11 17 12 20 13 23 14 22 15 18 17 23 18 29 19 27 20 29 21 28 22 23 24 28 25 28 26 28 27 0
Case #651: 9 1 11 2 11 3 8 4 15 5 16 6 16 7 19 8 19 9 17 10 12 11 20 12 17 14 16 15 20 16 17 18 20 19 21 0
Case #652: 19 1 5 2 12 3 18 4 12 5 8 6 15 7 14 9 27 10 13 11 29 12 21 13 16 14 19 15 17 16 23 17 18 22 19 28 21 23 22 24 23 27 24 29 27 29 28 0
Case #653: 10 1 10 2 16 3 9 4 6 5 11 6 12 7 8 16 9 10 14 11 14 12 15 14 16 17 0
Case #654: 2 1 2 0
Case #655: 6 4 6 5 6 0
Case #656: 4 1 10 2 15 3 18 4 19 5 10 6 16 7 11 8 9 18 10 15 11 17 12 14 15 20 16 0
Case #657: 8 1 14 3 24 4 9 5 7 6 19 9 22 10 23 11 19 12 17 13 19 15 23 16 17 22 18 24 19 22 20 24 21 25 22 24 23 0
Case #658: 7 1 4 2 8 3 12 4 11 5 16 6 8 7 11 8 10 9 12 10 15 11 20 12 17 13 17 14 16 15 20 16 19 20 0
Case #659: 6 1 3 2 6 4 0
Case #660: 2 1 2 3 0
Case #661: 4 2 3 5 0
Case #662: 7 1 18 2 6 3 4 17 5 6 15 7 16 8 10 17 11 13 12 13 14 17 16 0
Case #663: 9 1 9 2 9 3 9 4 6 16 7 14 8 11 9 13 11 16 12 15 13 16 14 16 0
Case #664: 15 1 12 2 5 3 11 4 8 5 14 6 17 7 18 8 16 9 17 10 12 11 15 12 14 13 15 14 17 15 17 16 19 18 19 0
Case #665: 2 0
Case #666: 9 1 5 2 9 3 9 4 17 5 11 6 14 7 11 8 15 9 12 10 15 11 16 13 15 14 17 15 18 0
Case #667: 3 1 7 2 7 3 4 11 6 13 7 16 8 14 9 10 11 12 16 15 0
Case #668: 5 1 7 2 11 3 10 4 10 5 16 6 11 7 9 8 13 9 16 10 14 11 12 16 14 0
Case #669: 5 1 8 2 7 3 7 4 6 5 7 8 0
Case #670: 1 17 2 21 3 10 4 5 8 6 20 7 8 16 9 12 10 17 11 19 12 19 13 21 14 15 19 16 21 17 20 18 20 19 20 22 23 0
Case #671: 20 1 13 2 13 3 8 4 25 5 21 6 20 8 18 9 23 10 17 11 21 12 16 13 18 14 21 15 16 23 17 19 18 20 19 23 20 22 24 23 25 24 25 0
Case #672: 12 2 10 3 11 4 15 5 11 6 16 7 14 8 15 9 14 10 13 12 0
Case #673: 3 2 0
Case #674: 11 1 15 2 14 3 20 4 17 5 19 6 13 7 11 8 15 9 15 10 12 15 13 15 14 15 20 16 19 17 20 18 20 0
Case #675: 3 2 3 5 4 5 0
Case #676: 8 1 7 2 6 3 10 4 11 5 7 6 9 8 11 9 11 10 11 0
Case #677: 12 1 4 2 7 4 10 5 9 6 8 7 10 9 11 0
Case #678: 14 1 14 3 13 4 11 5 21 6 19 7 8 17 9 19 10 18 11 18 12 18 14 17 15 20 16 21 17 21 20 0
Case #679: 7 1 6 3 10 4 11 5 7 6 9 7 8 9 11 10 11 0
Case #680: 6 1 15 2 15 3 16 4 16 5 16 7 16 9 16 10 12 11 16 0
Case #681: 2 1 4 2 3 4 0
Case #682: 11 1 2 4 3 14 4 13 5 9 6 23 7 22 8 20 9 13 10 13 11 12 15 13 22 14 23 15 18 17 20 18 23 19 22 20 22 21 22 23 0
Case #683: 8 1 2 9 3 21 4 12 5 14 6 9 7 12 8 14 9 15 10 20 11 18 12 16 14 22 15 21 16 21 18 20 19 22 21 22 0
Case #684: 2 1 13 2 11 3 20 4 10 5 25 6 10 7 19 8 20 9 17 10 13 11 23 12 27 13 18 14 18 15 21 16 26 17 20 18 20 19 24 20 26 21 24 22 26 24 27 25 28 26 0
Case #685: 15 2 8 3 7 4 8 5 8 6 15 7 12 8 16 9 14 10 11 16 12 15 13 0
Case #686: 27 1 23 2 8 3 18 4 22 5 25 6 17 8 21 9 21 10 25 11 24 12 13 21 15 19 16 22 17 26 18 27 19 24 20 24 21 24 22 26 23 25 24 27 25 27 0
Case #687: 27 1 2 6 3 28 4 20 5 19 6 14 7 23 8 14 9 22 10 27 11 24 12 25 13 27 14 19 15 23 16 20 17 20 18 21 19 24 20 26 21 22 24 23 28 24 27 25 27 26 28 27 28 0
Case #688: 9 1 18 2 10 6 19 7 8 11 9 13 10 14 11 16 12 14 13 20 15 17 16 20 17 18 19 20 0
Case #689: 14 1 3 8 4 5 14 6 11 7 12 8 16 9 16 10 14 11 16 12 16 14 16 15 16 0
Case #690: 7 1 10 2 6 3 13 4 6 5 7 6 7 20 8 17 10 21 11 18 13 22 14 22 15 22 16 22 18 22 19 22 20 22 21 22 0
Case #691: 11 1 12 2 15 3 12 4 15 5 9 6 10 7 12 9 12 10 12 11 16 12 15 13 17 16 0
Case #692: 6 1 3 2 3 19 4 19 5 6 16 7 9 8 19 9 11 10 16 11 12 18 13 14 16 15 17 16 20 17 18 19 20 0
Case #693: 3 2 3 0
Case #694: 3 1 2 0
Case #695: 8 1 2 13 3 14 4 5 11 6 17 7 12 8 9 14 10 17 11 17 12 14 13 18 14 16 15 19 18 19 0
Case #696: 10 1 13 2 9 4 15 5 12 6 9 7 10 8 9 12 11 16 12 14 13 16 14 17 15 17 16 0
Case #697: 0
Case #698: 2 1 2 0
Case #699: 21 1 19 2 5 3 4 11 5 20 6 25 7 17 8 19 9 22 10 24 11 19 12 22 13 21 14 19 15 19 16 24 17 18 24 19 24 20 23 21 23 25 0
Case #700: 7 1 3 2 9 4 6 5 6 9 7 9 0
Case #701: 3 1 4 2 6 3 6 4 7 6 0
Case #702: 5 1 4 2 11 3 10 4 11 5 12 6 11 7 8 10 9 12 11 12 0
Case #703: 10 1 14 2 9 3 23 4 22 5 15 6 20 7 18 8 16 9 16 10 13 11 13 12 22 13 15 14 15 16 18 17 19 18 23 19 21 20 23 21 22 23 0
Case #704: 1 13 2 7 3 7 4 7 5 13 6 12 7 8 10 13 12 13 0
Case #705: 4 1 7 2 12 3 21 4 20 5 7 6 14 7 10 8 25 10 22 11 15 12 24 13 25 14 15 27 16 18 17 20 18 19 27 20 26 21 23 22 25 24 27 25 28 26 28 0
Case #706: 8 1 4 2 5 3 9 4 9 0
Case #707: 14 2 15 3 5 4 10 7 9 8 13 9 10 11 15 12 14 13 15 14 15 0
Case #708: 10 1 17 2 11 3 8 4 5 18 6 11 7 23 8 17 9 21 10 25 11 19 12 18 13 20 14 21 15 24 16 22 17 19 18 21 19 25 20 24 22 26 23 25 26 0
Case #709: 10 1 11 2 13 4 5 7 6 12 9 11 10 11 12 13 0
Case #710: 3 1 7 2 3 9 4 8 5 6 9 7 8 0
Case #711: 13 1 20 2 20 3 5 4 6 5 19 6 11 7 20 8 17 9 22 11 20 12 22 13 15 14 22 15 16 21 17 18 21 20 0
Case #712: 0
Case #713: 2 1 7 3 6 4 7 5 6 7 8 0
Case #714: 14 1 5 2 6 3 18 4 13 5 19 6 8 7 16 8 19 9 10 18 11 12 18 13 15 14 17 15 17 16 18 17 19 0
Case #715: 10 1 8 2 15 3 15 4 6 5 16 6 19 8 15 9 15 10 16 11 15 12 13 16 14 16 15 17 16 21 18 21 20 21 0
Case #716: 20 1 18 2 14 3 18 4 14 5 26 6 18 7 27 8 10 9 23 11 21 12 22 13 26 14 24 15 21 16 19 17 18 25 20 24 21 22 24 23 26 24 28 27 28 0
Case #717: 7 1 5 2 21 3 13 4 10 5 8 6 24 7 23 8 10 9 14 10 26 11 28 12 21 13 21 14 22 15 27 16 19 17 26 18 28 19 27 20 24 21 23 22 26 24 27 25 26 27 0
Case #718: 5 3 4 5 0
Case #719: 4 1 3 2 10 4 6 5 11 6 10 7 11 9 11 10 11 0
Case #720: 1 3 2 9 3 5 4 8 5 12 6 12 7 8 11 9 12 10 13 11 13 0
Case #721: 7 1 14 2 24 3 6 4 23 5 20 6 17 7 17 8 24 9 16 10 14 11 18 12 15 13 24 14 15 21 17 18 26 19 20 21 23 22 26 23 25 24 25 26 0
Case #722: 14 1 14 2 9 3 17 4 17 6 15 7 16 8 15 10 12 11 16 12 18 14 18 15 17 16 18 17 0
Case #723: 18 1 10 2 16 3 20 4 13 5 20 8 14 10 14 11 21 12 15 13 16 14 20 15 24 16 24 17 19 18 20 19 23 22 24 23 24 0
Case #724: 1 17 3 19 4 15 5 21 6 13 7 16 8 12 9 18 10 11 13 12 16 13 17 14 19 16 20 17 19 18 20 19 0
Case #725: 5 1 4 3 0
Case #726: 11 1 3 2 6 3 4 13 5 9 6 11 7 9 8 11 9 10 12 11 0
Case #727: 4 1 6 3 6 4 6 5 0
Case #728: 22 1 25 2 3 10 4 7 5 27 6 19 7 15 8 26 9 12 10 12 11 13 12 21 13 17 15 26 16 19 17 25 18 26 19 24 20 23 21 24 23 25 24 27 25 27 0
Case #729: 0
Case #730: 21 1 18 2 6 3 13 6 17 7 13 8 19 9 16 10 17 11 21 12 20 13 14 19 15 24 16 22 17 19 18 20 19 24 20 24 21 24 22 0
Case #731: 9 1 5 2 19 3 15 4 18 5 22 6 12 7 8 19 9 16 10 20 11 18 12 15 13 14 22 15 17 20 18 24 19 23 22 24 23 0
Case #732: 10 1 11 2 6 3 13 4 6 5 13 6 13 8 11 9 10 11 12 14 13 14 0
Case #733: 12 1 3 2 3 8 4 11 5 11 6 10 7 9 8 13 9 12 10 12 13 0
Case #734: 4 1 3 2 4 3 0
Case #735: 6 1 2 4 3 4 5 6 0
Case #736: 5 1 5 2 12 3 13 4 19 5 11 6 9 7 18 8 9 21 10 19 11 21 12 14 13 21 14 16 15 16 17 21 19 20 21 0
Case #737: 13 1 13 2 5 4 11 5 7 6 13 7 14 8 11 10 11 13 12 0
Case #738: 10 1 2 9 3 5 4 9 5 7 6 8 7 8 9 10 0
Case #739: 1 6 2 8 4 0
Case #740: 12 1 15 2 16 3 14 4 22 5 20 6 18 7 20 8 19 9 11 10 20 11 12 18 13 19 14 20 15 22 16 23 17 21 18 20 19 24 21 22 24 0
Case #741: 12 1 4 2 9 3 6 4 15 5 15 6 13 7 13 8 16 9 13 10 13 11 15 12 15 13 16 14 15 16 0
Case #742: 0
Case #743: 6 1 16 2 19 3 6 4 15 5 9 6 15 7 10 8 17 9 13 10 19 11 13 12 18 14 16 19 17 19 18 19 0
Case #744: 5 1 8 2 11 3 4 15 5 8 6 7 17 8 14 9 13 10 13 12 18 13 18 14 17 15 16 18 0
Case #745: 12 1 10 2 3 11 4 16 5 10 6 13 7 14 8 14 9 12 11 22 12 16 13 20 14 17 15 18 17 22 18 21 19 22 0
Case #746: 19 1 20 2 21 3 9 5 21 6 19 7 18 8 15 9 18 10 11 16 12 14 13 16 14 16 15 16 19 18 21 19 20 21 0
Case #747: 1 2 0
Case #748: 13 1 3 2 8 3 11 4 5 9 6 9 7 10 8 13 9 16 10 15 11 14 12 15 13 17 14 17 15 16 0
Case #749: 6 1 9 2 6 3 7 4 9 5 6 9 7 9 0
Case #750: 2 4 3 0
Case #751: 3 1 4 2 23 3 10 4 10 5 16 6 20 7 10 8 9 12 10 21 11 22 12 13 16 14 22 15 17 16 23 17 20 18 21 19 22 20 23 21 22 23 0
Case #752: 3 1 11 2 16 3 14 4 9 6 7 13 9 12 10 12 13 14 15 17 0
Case #753: 24 1 21 2 26 3 20 4 24 5 17 6 15 7 9 8 19 9 27 10 12 11 23 12 18 13 17 14 15 18 16 21 17 25 18 24 19 20 27 21 24 22 27 24 27 25 26 0
Case #754: 8 1 16 2 8 4 17 5 17 6 27 7 26 8 10 9 23 10 18 11 14 12 18 13 24 14 16 15 28 16 26 17 28 18 26 19 25 20 21 29 22 24 23 28 25 29 26 27 28 0
Case #755: 9 1 10 2 10 3 18 4 15 5 11 6 14 7 17 8 16 9 18 10 11 14 12 17 15 17 16 17 0
Case #756: 25 1 14 3 6 4 27 5 9 6 24 7 18 8 15 9 18 10 11 21 12 24 13 26 14 26 15 21 16 24 17 21 18 21 19 25 20 23 21 28 23 25 24 26 25 26 27 0
Case #757: 0
Case #758: 3 2 4 0
Case #759: 3 1 3 2 18 3 12 4 12 6 16 7 19 8 19 9 11 10 16 11 19 12 15 13 19 15 16 17 19 18 0
Case #760: 5 1 5 2 4 3 4 6 0
Case #761: 5 1 2 9 3 8 4 7 5 12 6 8 7 8 10 9 11 0
Case #762: 3 2 5 3 6 4 5 7 6 0
Case #763: 7 1 13 2 9 3 13 4 5 13 6 12 7 11 8 12 9 12 13 0
Case #764: 3 1 12 2 10 3 8 4 8 5 8 6 9 7 11 8 11 9 12 11 0
Case #765: 9 1 6 2 7 3 5 4 9 6 9 7 10 0
Case #766: 17 1 20 2 14 3 5 4 9 5 22 6 18 7 24 8 22 9 24 10 16 11 23 13 22 14 21 16 18 17 24 18 24 19 23 20 24 0
Case #767: 0
Case #768: 9 1 4 2 5 3 11 4 12 5 6 11 7 12 0
Case #769: 3 1 3 2 3 0
Case #770: 16 2 10 3 10 4 7 5 15 6 26 7 8 26 9 20 10 17 11 24 12 22 13 14 18 16 20 17 22 18 22 19 22 20 21 26 22 24 23 25 24 25 0
Case #771: 15 1 3 2 5 3 12 4 11 5 12 6 13 7 11 8 9 13 10 15 12 14 0
Case #772: 0
Case #773: 9 1 27 2 17 3 27 4 6 5 19 6 24 7 13 8 16 9 21 10 14 11 16 12 21 13 28 14 17 15 17 16 23 17 20 18 20 19 26 20 27 21 26 22 29 23 25 24 25 26 27 29 0
Case #774: 7 1 16 2 4 3 4 13 5 7 6 17 7 10 8 17 9 14 10 18 11 16 12 15 13 15 14 15 18 17 18 0
Case #775: 3 1 3 2 5 3 5 4 0
Case #776: 2 0
Case #777: 4 1 11 2 12 3 11 5 11 6 12 7 18 8 10 9 13 10 17 11 14 12 14 13 15 14 15 17 16 17 0
Case #778: 3 2 9 3 9 4 9 5 9 6 16 7 15 8 13 9 12 10 12 11 12 16 15 16 0
Case #779: 1 2 4 3 5 4 5 0
Case #780: 19 1 14 2 9 3 21 4 14 5 19 7 22 8 17 9 22 10 19 11 22 12 13 17 14 16 15 23 16 19 17 24 18 21 20 22 21 24 22 24 0
Case #781: 12 2 4 3 4 10 5 6 13 7 11 8 13 9 10 15 11 13 12 13 14 0
Case #782: 2 1 15 2 16 3 7 4 14 6 14 7 10 8 14 9 16 10 13 11 14 12 15 13 15 14 15 0
Case #783: 8 1 17 2 18 3 11 4 6 5 12 6 8 7 17 8 15 9 10 15 11 16 12 20 13 20 14 18 15 18 16 20 18 20 0
Case #784: 1 2 0
Case #785: 8 1 16 2 12 3 14 4 8 5 14 6 14 7 9 8 12 9 10 12 11 16 12 14 16 0
Case #786: 1 3 6 4 0
Case #787: 2 1 3 0
Case #788: 4 1 11 2 11 3 11 4 12 5 8 7 9 8 10 9 12 0
Case #789: 1 4 2 5 3 5 4 10 5 10 6 10 7 11 8 12 9 14 11 14 12 13 0
Case #790: 1 11 2 9 3 11 4 6 5 8 6 12 7 10 8 11 9 13 11 13 12 14 13 14 0
Case #791: 16 1 12 2 13 3 17 6 18 7 20 8 19 9 18 10 17 11 15 12 16 13 14 18 16 21 17 19 18 20 19 21 20 0
Case #792: 3 0
Case #793: 17 1 19 2 15 3 13 4 22 5 26 6 20 7 14 8 28 9 25 10 26 11 13 12 28 13 24 14 21 15 22 16 25 17 20 18 24 19 26 20 27 21 23 22 24 23 27 25 27 26 0
Case #794: 6 1 5 2 9 3 8 4 11 5 9 6 11 7 11 8 9 10 0
Case #795: 2 1 3 0
Case #796: 3 1 15 2 7 3 13 4 9 5 9 6 7 10 8 10 9 15 11 17 12 14 13 15 14 18 15 16 0
Case #797: 0
Case #798: 8 1 22 2 4 3 21 4 19 5 9 6 27 7 10 8 23 9 19 10 18 11 13 12 25 13 18 14 22 15 19 16 26 17 27 18 26 19 21 20 22 21 25 22 25 23 26 25 0
Case #799: 11 1 11 2 12 3 8 4 5 12 6 10 7 11 8 15 9 13 10 14 0
Case #800: 3 1 2 4 3 4 6 5 6 0
Case #801: 2 1 9 2 8 3 14 4 10 5 9 6 15 7 8 12 9 15 10 14 11 0
Case #802: 19 1 13 2 8 3 15 4 22 5 17 6 11 7 25 8 21 9 20 10 22 11 26 12 19 13 19 14 25 15 26 16 20 18 21 19 22 20 22 21 22 26 23 26 24 26 25 0
Case #803: 2 1 2 0
Case #804: 24 1 23 2 27 4 16 5 18 6 19 7 22 8 16 9 10 27 11 24 12 23 13 14 19 16 27 17 22 18 22 19 26 20 26 21 24 22 25 23 25 24 26 25 27 26 27 0
Case #805: 2 1 2 0
Case #806: 20 1 13 2 12 3 19 4 18 5 12 6 18 7 19 8 10 9 17 12 15 13 16 15 20 17 20 18 19 0
Case #807: 10 1 15 2 8 3 6 4 10 5 15 6 9 8 17 9 17 10 12 11 12 13 15 14 17 15 17 16 0
Case #808: 15 1 11 2 10 3 9 4 15 5 6 12 7 15 8 14 9 14 11 16 13 15 14 15 16 0
Case #809: 10 1 11 3 15 4 6 5 10 6 15 7 13 8 9 12 11 15 12 14 13 0
Case #810: 12 1 3 2 12 3 14 4 12 5 14 6 11 7 8 14 9 11 10 12 11 12 15 13 15 14 0
Case #811: 10 1 9 3 9 5 10 6 10 7 9 8 11 9 11 10 11 0
Case #812: 5 1 4 2 13 3 14 4 10 5 23 6 26 7 22 8 24 9 26 10 17 12 25 13 23 15 20 16 27 17 19 18 22 19 24 20 24 21 25 22 27 23 25 24 26 0
Case #813: 1 3 2 4 3 0
Case #814: 1 0
Case #815: 5 1 22 2 9 3 5 4 18 6 19 7 22 8 11 9 13 10 21 11 20 12 22 13 17 14 18 15 16 17 20 18 21 19 22 20 22 21 0
Case #816: 19 1 15 2 18 3 10 4 13 5 16 6 15 7 18 8 18 9 17 10 14 11 18 13 17 14 19 15 17 16 18 19 0
Case #817: 23 1 24 2 24 3 16 4 5 9 6 24 7 22 8 11 9 17 10 15 11 19 13 14 22 15 22 16 17 20 18 23 19 24 20 25 22 25 23 25 24 25 26 0
Case #818: 20 1 17 2 12 3 15 4 23 5 9 6 25 7 13 8 21 9 17 10 19 11 15 12 19 13 18 14 20 15 19 16 18 17 22 18 24 19 25 20 25 21 25 23 24 0
Case #819: 6 1 2 7 3 7 4 10 5 11 6 18 7 10 8 11 9 14 12 19 14 18 15 21 16 27 17 23 18 25 19 27 21 24 27 25 27 26 27 0
Case #820: 15 1 19 2 3 15 4 15 5 13 6 13 7 14 8 18 10 13 11 14 12 18 13 18 14 17 15 19 18 0
Case #821: 6 1 2 4 3 13 4 16 5 11 6 18 7 19 8 19 9 17 10 16 11 16 13 15 14 19 16 18 17 18 19 0
Case #822: 11 1 8 2 7 3 5 4 6 5 11 6 10 8 11 10 0
Case #823: 18 1 5 2 21 3 26 4 12 5 25 6 17 7 8 11 9 26 10 17 11 13 12 18 13 24 14 18 15 16 21 17 19 18 21 19 24 20 26 22 25 23 27 26 0
Case #824: 18 1 18 2 13 4 18 6 8 7 14 8 15 9 18 10 19 11 15 12 14 13 17 14 19 15 20 16 21 18 20 19 20 0
Case #825: 8 1 20 3 7 4 8 5 15 6 12 7 21 8 12 9 12 10 18 11 16 13 19 14 15 22 16 19 17 22 18 24 19 24 20 23 22 23 24 0
Case #826: 11 1 12 2 12 3 6 4 12 5 13 6 14 7 10 8 10 11 17 12 13 14 17 15 0
Case #827: 22 1 23 2 18 3 21 4 14 5 26 6 10 7 20 8 17 9 21 10 20 11 13 12 24 13 25 14 17 15 22 16 25 17 19 18 19 25 20 25 21 25 23 26 24 26 25 0
Case #828: 12 1 21 2 7 3 8 4 8 5 9 6 19 7 10 8 9 16 10 20 11 14 12 20 13 16 14 21 16 18 17 28 18 26 19 20 25 21 22 27 23 27 24 27 25 28 0
Case #829: 15 1 22 2 23 3 12 4 16 5 10 6 10 7 10 8 16 9 11 10 16 11 21 12 20 13 20 14 15 23 16 20 17 20 18 22 19 22 21 23 22 0
Case #830: 0
Case #831: 1 0
Case #832: 1 4 2 4 3 4 0
Case #833: 12 1 14 2 9 3 10 4 9 5 11 6 7 10 8 11 10 14 12 13 0
Case #834: 0
Case #835: 8 1 6 2 6 3 10 4 8 5 6 10 9 10 0
Case #836: 7 1 9 2 10 3 4 9 5 9 6 10 8 11 9 10 11 0
Case #837: 7 1 12 2 5 3 11 4 9 5 7 6 12 7 10 8 12 9 12 10 12 11 13 0
Case #838: 12 1 10 2 11 3 18 4 27 5 20 6 7 27 8 12 9 15 10 29 11 26 12 24 13 29 14 21 15 18 16 25 17 18 21 19 21 20 22 21 28 22 23 25 27 26 28 27 28 29 0
Case #839: 2 9 3 24 4 16 5 21 6 12 7 20 8 21 9 25 10 12 11 21 12 23 13 24 14 26 15 17 16 18 17 23 18 23 19 24 20 25 22 24 23 26 24 26 25 0
Case #840: 15 1 5 2 11 3 20 4 9 5 10 6 11 7 23 8 19 9 22 10 21 11 21 12 18 13 14 18 15 17 16 22 17 22 18 23 19 22 20 21 23 22 0
Case #841: 1 10 2 5 3 13 4 8 5 12 6 14 7 15 8 9 12 10 14 11 16 14 15 16 0
Case #842: 3 1 2 3 5 0
Case #843: 3 4 0
Case #844: 0
Case #845: 4 1 4 2 8 3 4 9 5 9 0
Case #846: 4 1 9 2 3 18 4 12 5 12 6 13 7 17 8 17 9 12 10 14 11 14 13 16 14 17 15 17 16 18 17 0
Case #847: 7 1 9 2 7 3 11 4 15 5 8 6 8 7 13 8 15 10 15 11 14 12 13 17 14 15 17 0
Case #848: 10 2 12 4 10 5 10 6 8 7 21 8 19 9 16 10 20 11 22 12 20 14 15 18 16 22 17 20 18 25 19 22 20 22 21 24 22 25 24 25 26 0
Case #849: 4 2 5 3 4 7 5 18 6 18 7 18 8 10 9 18 11 14 13 18 14 18 15 17 16 17 0
Case #850: 2 0
Case #851: 1 7 2 7 3 5 4 7 5 8 6 9 7 9 13 10 14 11 14 12 14 13 14 0
Case #852: 13 1 16 2 20 3 16 4 9 5 17 6 16 7 11 8 10 9 11 13 12 18 13 21 14 22 15 22 16 20 17 18 20 19 21 20 22 21 22 0
Case #853: 11 1 9 2 6 3 5 4 5 14 6 10 7 12 8 13 9 10 12 11 13 14 0
Case #854: 9 1 5 2 9 3 4 8 5 9 6 8 9 0
Case #855: 4 1 3 2 7 3 6 4 7 6 8 0
Case #856: 15 1 13 2 7 3 7 4 15 5 6 16 7 11 8 20 9 13 10 18 11 17 12 20 14 20 15 17 16 17 18 19 20 0
Case #857: 3 1 4 2 3 5 4 5 0
Case #858: 9 1 3 2 8 4 7 5 7 8 10 9 10 0
Case #859: 3 1 3 4 5 0
Case #860: 14 1 6 2 14 3 14 4 15 5 7 6 16 7 17 8 16 9 15 10 15 11 16 12 17 15 16 17 0
Case #861: 5 1 6 2 7 3 6 5 10 6 10 7 8 10 0
Case #862: 9 1 20 2 12 3 4 8 5 18 6 10 7 11 8 15 9 14 10 18 11 20 12 21 13 16 14 17 15 19 16 21 17 19 18 20 19 20 21 0
Case #863: 4 1 4 2 0
Case #864: 4 1 3 2 3 11 4 10 5 6 11 7 8 10 9 11 0
Case #865: 3 1 9 2 24 3 13 4 25 5 8 6 14 7 14 8 11 9 11 10 18 11 20 12 19 13 20 14 21 15 21 16 24 17 20 19 22 20 22 21 23 25 24 26 0
Case #866: 10 1 2 20 3 14 4 10 5 17 6 9 8 13 9 24 10 11 15 12 17 13 20 14 17 15 24 16 22 17 18 19 23 20 21 23 0
Case #867: 14 1 16 2 17 4 10 5 14 6 21 8 14 9 16 10 14 11 18 12 13 16 14 20 16 22 17 18 22 20 22 0
Case #868: 27 1 22 2 9 3 5 4 22 5 16 6 16 7 16 8 19 9 28 10 26 11 16 12 19 13 19 14 16 15 20 16 26 17 23 18 23 19 23 20 28 21 23 22 25 23 26 25 28 27 0
Case #869: 11 1 7 2 11 3 14 4 7 5 23 6 24 7 17 8 14 9 19 10 25 11 22 12 15 13 19 15 17 16 19 17 21 18 26 19 24 20 21 26 22 25 23 0
Case #870: 18 1 13 2 19 3 25 4 5 19 6 9 7 24 8 13 9 21 10 15 11 22 12 15 13 25 14 25 15 16 25 17 25 18 20 19 23 20 21 24 22 25 23 24 25 0
Case #871: 4 1 2 0
Case #872: 4 1 4 2 4 5 0
Case #873: 4 1 7 2 3 5 4 6 7 0
Case #874: 0
Case #875: 15 1 12 2 16 3 25 4 5 8 6 16 7 18 8 16 9 26 10 24 11 12 16 13 23 14 26 15 16 17 19 18 20 25 21 24 22 26 23 28 24 28 25 27 26 0
Case #876: 6 2 3 4 7 5 8 7 0
Case #877: 21 1 17 3 4 25 5 21 6 22 7 24 8 26 9 26 11 12 27 13 22 14 28 15 24 16 26 17 18 24 19 21 20 22 21 28 22 23 28 24 27 25 27 0
Case #878: 14 1 3 2 12 3 11 4 17 5 19 6 14 7 16 8 17 9 16 10 19 11 13 12 21 13 16 14 18 16 23 17 21 18 20 23 21 23 22 23 0
Case #879: 15 1 7 2 14 3 19 4 14 5 10 6 12 8 9 10 14 11 13 12 15 13 16 14 19 15 16 17 18 20 19 0
Case #880: 2 1 2 3 0
Case #881: 8 1 10 2 11 3 14 4 14 5 6 14 7 14 8 14 10 16 11 15 12 14 13 14 16 15 0
Case #882: 14 1 13 2 4 3 4 12 5 9 7 14 8 13 9 12 10 12 11 16 12 14 13 15 14 0
Case #883: 5 1 2 4 3 6 4 5 6 0
Case #884: 15 1 13 2 17 3 18 5 13 6 9 7 14 8 23 9 14 10 20 11 12 18 13 25 14 25 15 19 16 24 17 18 25 19 20 25 24 0
Case #885: 3 1 5 2 5 3 5 4 5 0
Case #886: 10 2 4 17 5 18 6 19 7 12 8 10 9 21 10 14 11 16 12 18 13 15 14 21 15 16 21 17 19 18 19 20 0
Case #887: 0
Case #888: 2 1 7 2 8 3 9 6 7 9 8 0
Case #889: 9 2 9 3 7 6 10 7 9 8 9 0
Case #890: 5 1 2 3 6 5 0
Case #891: 2 4 3 0
Case #892: 16 1 5 2 17 3 8 4 13 5 19 6 22 7 11 8 21 9 19 10 12 11 19 12 19 13 22 14 19 15 23 16 20 17 19 18 23 19 20 21 22 0
Case #893: 5 1 5 2 4 3 4 0
Case #894: 4 1 6 2 12 3 10 5 10 6 12 7 11 8 9 12 11 12 0
Case #895: 8 1 9 2 3 5 4 13 5 10 6 15 7 10 8 14 9 11 15 12 13 15 14 0
Case #896: 2 1 2 0
Case #897: 20 1 10 2 5 3 13 4 19 5 24 6 9 7 23 8 26 9 11 10 11 13 12 18 13 14 21 15 26 16 21 17 21 18 26 20 24 21 23 22 24 23 26 24 28 25 28 26 28 27 0
Case #898: 10 1 14 2 8 3 16 4 7 5 13 6 9 7 8 11 9 15 10 17 11 15 12 15 13 16 14 15 16 0
Case #899: 11 1 20 2 22 3 8 4 10 5 18 6 9 7 20 8 20 9 12 10 22 11 23 12 21 13 15 14 22 17 19 18 20 19 20 21 22 0
Case #900: 0
Case #901: 2 1 3 2 3 0
Case #902: 1 0
Case #903: 0
Case #904: 9 1 16 2 4 3 10 4 12 5 8 6 10 7 12 8 9 15 10 16 11 14 12 15 13 15 0
Case #905: 2 1 6 2 7 3 6 4 7 5 7 0
Case #906: 8 1 14 2 19 3 18 4 18 5 10 6 11 7 9 8 9 16 10 18 13 18 14 16 15 19 16 19 0
Case #907: 8 1 7 2 4 7 5 11 6 7 13 8 11 9 10 13 11 13 12 13 0
Case #908: 5 1 2 13 3 5 4 16 5 8 6 11 7 18 8 12 9 16 10 13 11 12 18 13 18 14 18 15 19 16 18 17 18 19 0
Case #909: 0
Case #910: 1 3 2 15 3 15 4 7 5 16 6 11 7 16 8 9 10 0
Case #911: 15 1 11 2 21 3 21 4 17 5 10 6 8 22 11 21 12 13 18 14 21 15 22 16 19 17 18 22 19 21 20 21 0
Case #912: 1 0
Case #913: 1 2 0
Case #914: 13 1 9 2 11 4 7 5 12 6 10 7 9 8 15 9 11 10 15 11 12 14 13 15 14 0
Case #915: 4 2 15 3 9 4 21 5 13 6 21 7 17 8 16 9 11 10 17 11 17 13 17 14 22 15 16 21 17 22 19 20 22 21 22 0
Case #916: 14 2 4 15 5 11 6 15 7 12 8 11 9 15 10 14 11 15 12 15 13 16 0
Case #917: 7 1 3 2 3 4 5 6 7 0
Case #918: 4 1 2 4 3 0
Case #919: 13 1 10 2 11 3 10 4 11 5 7 6 12 7 12 8 15 9 11 10 13 11 13 16 15 16 0
Case #920: 0
Case #921: 9 1 6 2 8 3 4 7 5 7 6 9 7 9 0
Case #922: 8 1 12 2 11 3 12 4 13 5 7 6 8 7 12 9 11 10 11 12 13 0
Case #923: 20 1 9 2 9 3 23 4 14 5 7 6 12 7 17 8 15 9 14 10 13 11 22 12 16 13 23 14 19 15 17 16 20 17 19 18 23 19 20 24 22 0
Case #924: 1 0
Case #925: 11 1 13 2 14 3 4 10 5 11 6 13 7 11 8 17 9 11 12 17 13 15 14 17 0
Case #926: 6 1 6 2 11 3 7 5 7 11 8 10 9 10 11 0
Case #927: 4 1 15 2 4 3 11 4 19 5 7 6 13 7 12 8 20 9 16 10 11 15 12 18 13 20 14 18 15 17 16 24 17 18 19 24 20 24 21 0
Case #928: 9 1 16 2 12 3 15 4 6 5 6 22 7 12 8 12 9 21 10 21 11 21 12 17 13 22 14 22 15 19 16 18 17 18 20 19 20 21 0
Case #929: 11 1 13 2 13 3 8 4 14 5 14 6 13 7 26 8 28 9 15 10 20 11 19 12 18 13 23 14 25 15 26 17 21 18 24 19 20 27 21 27 22 24 23 25 27 26 0
Case #930: 7 1 13 2 7 3 9 4 8 5 7 6 7 15 8 16 9 15 10 16 11 13 12 16 13 14 15 0
Case #931: 1 2 6 3 19 4 19 5 7 6 19 7 21 8 15 9 16 10 14 11 21 12 20 13 18 14 17 15 18 16 17 22 18 0
Case #932: 0
Case #933: 21 1 13 2 17 3 11 4 15 5 6 9 7 16 8 16 9 20 10 21 11 12 16 13 20 14 23 16 21 17 20 19 23 20 23 21 22 23 0
Case #934: 9 1 2 8 3 5 4 8 5 7 9 11 10 11 0
Case #935: 9 1 17 2 27 3 11 4 8 5 20 6 10 7 14 8 18 9 26 10 12 11 24 12 19 14 23 15 22 16 25 17 21 18 21 19 22 20 21 22 26 23 26 24 27 25 26 27 0
Case #936: 2 1 0
Case #937: 13 1 15 2 6 3 13 4 12 5 9 7 15 8 9 13 10 11 15 13 15 0
Case #938: 1 3 2 4 3 0
Case #939: 8 1 7 2 6 3 10 4 9 5 9 6 9 7 9 8 11 9 11 10 0
Case #940: 3 1 9 2 6 3 4 8 6 9 8 9 0
Case #941: 14 1 12 2 7 3 4 12 5 6 12 7 16 8 10 9 10 15 11 13 12 14 16 15 16 0
Case #942: 4 1 0
Case #943: 12 1 2 8 3 5 4 8 5 8 6 9 7 10 8 9 12 11 12 0
Case #944: 1 2 14 3 15 4 12 5 9 6 22 7 11 8 14 9 21 10 13 11 23 12 17 13 18 14 18 15 18 16 22 17 22 18 20 24 23 24 0
Case #945: 3 1 8 2 5 3 4 7 5 8 7 0
Case #946: 5 1 11 2 4 9 5 9 7 9 8 11 9 10 0
Case #947: 1 8 2 4 3 4 6 5 7 6 8 7 8 0
Case #948: 3 1 8 2 13 3 7 4 7 5 13 6 12 7 9 8 13 9 11 10 13 11 13 12 0
Case #949: 9 1 3 2 11 3 8 4 7 5 14 6 11 7 13 8 10 9 10 14 11 13 12 0
Case #950: 7 1 14 2 23 3 24 4 21 5 20 6 8 7 10 8 11 9 10 21 11 12 23 13 14 23 15 18 16 21 17 20 18 23 19 23 21 24 0
Case #951: 19 1 11 2 5 3 6 4 11 5 15 6 13 7 16 8 10 9 19 10 22 11 19 12 14 13 24 14 15 17 16 19 17 24 18 24 20 21 24 22 23 0
Case #952: 19 1 16 2 20 3 21 4 11 5 13 6 14 7 18 8 9 21 10 19 11 13 12 19 13 14 21 15 19 17 20 22 0
Case #953: 4 1 7 2 13 3 12 4 12 5 11 6 8 7 13 8 10 9 10 13 11 14 13 0
Case #954: 3 1 4 3 4 0
Case #955: 3 1 17 2 14 3 17 4 16 5 12 6 11 7 16 8 18 9 13 10 13 11 17 12 20 13 18 14 18 15 18 16 20 17 18 19 0
Case #956: 21 1 7 2 21 3 10 4 6 5 12 7 8 17 9 16 10 15 11 17 12 18 13 19 15 18 16 17 20 18 19 20 21 0
Case #957: 3 1 6 3 8 4 7 5 7 6 13 7 10 8 11 9 13 10 12 11 13 12 13 0
Case #958: 1 0
Case #959: 5 1 21 2 8 3 4 15 5 7 6 18 7 8 12 9 16 10 11 21 12 16 13 15 14 15 17 16 18 17 21 18 0
Case #960: 14 1 2 18 3 6 4 12 6 9 7 17 9 19 10 19 11 17 12 17 13 17 14 16 15 17 16 17 0
Case #961: 15 1 7 2 7 3 10 4 20 5 13 6 17 7 20 8 11 9 14 10 20 11 19 12 18 14 18 15 20 16 18 17 20 19 0
Case #962: 9 1 11 2 6 3 7 5 11 7 8 13 9 15 10 15 11 18 12 14 13 15 14 16 15 18 16 17 18 0
Case #963: 4 1 5 2 4 3 6 4 6 0
Case #964: 5 1 11 2 6 3 9 4 9 5 12 7 9 8 10 9 10 0
Case #965: 3 1 3 2 0
Case #966: 12 1 22 2 27 3 23 4 27 5 10 6 17 7 25 8 14 10 26 11 14 12 13 23 14 25 15 25 16 21 17 25 18 22 19 25 20 28 21 26 22 24 23 26 27 28 0
Case #967: 6 1 2 4 3 4 10 5 9 6 11 7 8 10 9 11 10 11 0
Case #968: 0
Case #969: 2 1 0
Case #970: 13 1 13 2 4 3 5 4 11 5 7 6 8 7 13 8 11 9 14 10 15 11 13 12 15 13 14 16 15 0
Case #971: 2 1 8 2 5 3 5 4 10 5 6 8 7 11 10 0
Case #972: 14 1 12 2 6 3 13 5 11 6 7 8 9 11 10 11 14 12 14 13 0
Case #973: 8 1 8 2 4 3 13 4 12 5 14 6 14 7 10 8 12 9 11 13 12 14 13 0
Case #974: 5 1 11 2 6 3 8 4 10 5 8 6 14 7 9 8 12 9 13 10 13 11 13 12 14 13 14 0
Case #975: 22 1 14 2 19 3 6 4 24 5 24 6 12 7 23 8 11 9 24 10 19 11 22 12 14 13 18 14 17 15 25 16 21 17 26 18 23 19 25 20 24 21 22 24 23 25 24 26 25 0
Case #976: 7 1 18 2 20 3 18 4 9 5 17 6 13 7 17 8 12 9 12 10 16 11 19 12 16 13 15 14 17 15 19 16 20 17 20 19 20 0
Case #977: 11 1 7 2 16 3 18 4 15 6 15 7 8 16 9 14 11 14 18 15 18 16 18 17 0
Case #978: 10 1 4 2 3 7 4 12 5 12 6 10 7 8 9 11 10 11 12 0
Case #979: 3 1 0
Case #980: 22 1 24 2 16 4 23 5 13 7 20 8 9 24 10 19 11 24 12 15 13 18 14 22 15 23 16 17 18 20 19 24 20 22 21 24 22 23 0
Case #981: 11 1 2 8 3 12 4 6 5 21 6 11 7 26 8 10 9 15 10 15 11 15 12 28 13 17 14 24 15 21 16 20 17 26 18 25 19 24 21 28 22 23 28 24 26 25 27 26 28 27 0
Case #982: 8 1 11 2 8 3 5 4 6 5 14 6 15 7 13 9 10 16 12 19 13 16 14 19 15 16 19 0
Case #983: 5 1 2 13 3 13 4 12 5 13 6 7 12 8 9 13 10 12 11 13 12 13 0
Case #984: 2 4 3 4 0
Case #985: 2 1 3 2 3 6 4 5 8 7 9 8 10 9 0
Case #986: 2 1 2 3 0
Case #987: 17 1 12 2 8 3 21 4 18 5 13 6 10 7 15 8 10 9 19 10 15 11 23 12 14 13 14 20 15 19 16 18 17 23 18 20 19 22 20 22 21 23 0
Case #988: 3 1 3 2 3 4 0
Case #989: 5 1 15 2 4 3 19 4 15 5 17 6 7 12 8 17 9 17 10 18 11 16 12 13 15 14 15 17 16 19 18 19 0
Case #990: 22 1 18 2 9 3 23 4 10 5 11 6 27 7 17 8 10 9 19 10 14 11 12 25 13 15 14 24 16 22 17 22 18 21 19 25 20 25 22 26 25 0
Case #991: 8 1 2 9 3 11 4 14 5 13 6 10 7 15 8 20 10 16 11 15 12 15 13 15 14 15 20 16 19 17 20 18 20 19 20 0
Case #992: 5 1 3 2 17 3 8 4 19 5 14 6 17 8 18 9 12 10 17 11 13 12 16 13 15 14 18 15 18 16 18 17 18 19 0
Case #993: 0
Case #994: 6 1 4 2 4 3 12 4 13 5 16 6 8 7 23 9 17 10 16 11 13 12 20 13 20 14 17 15 17 16 21 17 20 18 22 19 21 20 23 21 22 0
Case #995: 0
Case #996: 0
Case #997: 5 2 4 3 10 4 10 5 7 10 8 10 9 0
Case #998: 15 1 11 2 8 3 11 4 7 5 13 6 15 7 8 10 9 14 10 13 11 15 12 14 13 14 0
Case #999: 2 3 6 4 7 5 18 6 14 7 16 8 9 10 13 11 18 12 18 13 17 14 17 16 18 0
Case #1000: 0
